[2020-03-26 15:10:39.776] [exthost] [info] extension host started
[2020-03-26 15:10:39.827] [exthost] [info] ExtensionService#_doActivateExtension vscode.emmet {"startup":false,"extensionId":{"value":"vscode.emmet","_lower":"vscode.emmet"},"activationEvent":"onLanguage:html"}
[2020-03-26 15:10:39.827] [exthost] [info] ExtensionService#loadCommonJSModule file:///home/uidd2020/user/purmonth/.vscode-server/bin/fe22a9645b44368865c0ba92e2fb881ff1afce94/extensions/emmet/dist/extension
[2020-03-26 15:10:39.857] [exthost] [info] ExtensionService#_doActivateExtension vscode.html-language-features {"startup":false,"extensionId":{"value":"vscode.html-language-features","_lower":"vscode.html-language-features"},"activationEvent":"onLanguage:html"}
[2020-03-26 15:10:39.857] [exthost] [info] ExtensionService#loadCommonJSModule file:///home/uidd2020/user/purmonth/.vscode-server/bin/fe22a9645b44368865c0ba92e2fb881ff1afce94/extensions/html-language-features/client/dist/htmlMain
[2020-03-26 15:10:39.892] [exthost] [info] ExtensionService#_doActivateExtension vscode.css-language-features {"startup":false,"extensionId":{"value":"vscode.css-language-features","_lower":"vscode.css-language-features"},"activationEvent":"onLanguage:css"}
[2020-03-26 15:10:39.892] [exthost] [info] ExtensionService#loadCommonJSModule file:///home/uidd2020/user/purmonth/.vscode-server/bin/fe22a9645b44368865c0ba92e2fb881ff1afce94/extensions/css-language-features/client/dist/cssMain
[2020-03-26 15:10:39.913] [exthost] [info] ExtensionService#_doActivateExtension vscode.debug-auto-launch {"startup":true,"extensionId":{"value":"vscode.debug-auto-launch","_lower":"vscode.debug-auto-launch"},"activationEvent":"*"}
[2020-03-26 15:10:39.913] [exthost] [info] ExtensionService#loadCommonJSModule file:///home/uidd2020/user/purmonth/.vscode-server/bin/fe22a9645b44368865c0ba92e2fb881ff1afce94/extensions/debug-auto-launch/dist/extension
[2020-03-26 15:10:39.915] [exthost] [info] ExtensionService#_doActivateExtension vscode.git {"startup":true,"extensionId":{"value":"vscode.git","_lower":"vscode.git"},"activationEvent":"*"}
[2020-03-26 15:10:39.915] [exthost] [info] ExtensionService#loadCommonJSModule file:///home/uidd2020/user/purmonth/.vscode-server/bin/fe22a9645b44368865c0ba92e2fb881ff1afce94/extensions/git/dist/main
[2020-03-26 15:10:39.969] [exthost] [info] ExtensionService#_doActivateExtension vscode.github-authentication {"startup":true,"extensionId":{"value":"vscode.github-authentication","_lower":"vscode.github-authentication"},"activationEvent":"*"}
[2020-03-26 15:10:39.969] [exthost] [info] ExtensionService#loadCommonJSModule file:///home/uidd2020/user/purmonth/.vscode-server/bin/fe22a9645b44368865c0ba92e2fb881ff1afce94/extensions/github-authentication/dist/extension.js
[2020-03-26 15:10:39.972] [exthost] [info] ExtensionService#_doActivateExtension vscode.merge-conflict {"startup":true,"extensionId":{"value":"vscode.merge-conflict","_lower":"vscode.merge-conflict"},"activationEvent":"*"}
[2020-03-26 15:10:39.972] [exthost] [info] ExtensionService#loadCommonJSModule file:///home/uidd2020/user/purmonth/.vscode-server/bin/fe22a9645b44368865c0ba92e2fb881ff1afce94/extensions/merge-conflict/dist/extension
[2020-03-26 15:10:39.976] [exthost] [info] ExtensionService#_doActivateExtension vscode.search-result {"startup":true,"extensionId":{"value":"vscode.search-result","_lower":"vscode.search-result"},"activationEvent":"*"}
[2020-03-26 15:10:39.976] [exthost] [info] ExtensionService#loadCommonJSModule file:///home/uidd2020/user/purmonth/.vscode-server/bin/fe22a9645b44368865c0ba92e2fb881ff1afce94/extensions/search-result/dist/extension.js
[2020-03-26 15:10:39.977] [exthost] [info] ExtensionService#_doActivateExtension vscode.vscode-account {"startup":true,"extensionId":{"value":"vscode.vscode-account","_lower":"vscode.vscode-account"},"activationEvent":"*"}
[2020-03-26 15:10:39.977] [exthost] [info] ExtensionService#loadCommonJSModule file:///home/uidd2020/user/purmonth/.vscode-server/bin/fe22a9645b44368865c0ba92e2fb881ff1afce94/extensions/vscode-account/dist/extension.js
[2020-03-26 15:10:39.990] [exthost] [info] eager extensions activated
