[2020-03-21 23:28:02.035] [exthost] [info] extension host started
[2020-03-21 23:28:02.164] [exthost] [info] ExtensionService#_doActivateExtension vscode.css-language-features {"startup":false,"extensionId":{"value":"vscode.css-language-features","_lower":"vscode.css-language-features"},"activationEvent":"onLanguage:css"}
[2020-03-21 23:28:02.164] [exthost] [info] ExtensionService#loadCommonJSModule file:///home/uidd2020/user/purmonth/.vscode-server/bin/fe22a9645b44368865c0ba92e2fb881ff1afce94/extensions/css-language-features/client/dist/cssMain
[2020-03-21 23:28:02.187] [exthost] [info] ExtensionService#_doActivateExtension vscode.emmet {"startup":false,"extensionId":{"value":"vscode.emmet","_lower":"vscode.emmet"},"activationEvent":"onLanguage:css"}
[2020-03-21 23:28:02.187] [exthost] [info] ExtensionService#loadCommonJSModule file:///home/uidd2020/user/purmonth/.vscode-server/bin/fe22a9645b44368865c0ba92e2fb881ff1afce94/extensions/emmet/dist/extension
[2020-03-21 23:28:02.215] [exthost] [info] ExtensionService#_doActivateExtension vscode.html-language-features {"startup":false,"extensionId":{"value":"vscode.html-language-features","_lower":"vscode.html-language-features"},"activationEvent":"onLanguage:html"}
[2020-03-21 23:28:02.215] [exthost] [info] ExtensionService#loadCommonJSModule file:///home/uidd2020/user/purmonth/.vscode-server/bin/fe22a9645b44368865c0ba92e2fb881ff1afce94/extensions/html-language-features/client/dist/htmlMain
[2020-03-21 23:28:02.246] [exthost] [info] ExtensionService#_doActivateExtension vscode.debug-auto-launch {"startup":true,"extensionId":{"value":"vscode.debug-auto-launch","_lower":"vscode.debug-auto-launch"},"activationEvent":"*"}
[2020-03-21 23:28:02.246] [exthost] [info] ExtensionService#loadCommonJSModule file:///home/uidd2020/user/purmonth/.vscode-server/bin/fe22a9645b44368865c0ba92e2fb881ff1afce94/extensions/debug-auto-launch/dist/extension
[2020-03-21 23:28:02.249] [exthost] [info] ExtensionService#_doActivateExtension vscode.git {"startup":true,"extensionId":{"value":"vscode.git","_lower":"vscode.git"},"activationEvent":"*"}
[2020-03-21 23:28:02.249] [exthost] [info] ExtensionService#loadCommonJSModule file:///home/uidd2020/user/purmonth/.vscode-server/bin/fe22a9645b44368865c0ba92e2fb881ff1afce94/extensions/git/dist/main
[2020-03-21 23:28:02.299] [exthost] [info] ExtensionService#_doActivateExtension vscode.github-authentication {"startup":true,"extensionId":{"value":"vscode.github-authentication","_lower":"vscode.github-authentication"},"activationEvent":"*"}
[2020-03-21 23:28:02.299] [exthost] [info] ExtensionService#loadCommonJSModule file:///home/uidd2020/user/purmonth/.vscode-server/bin/fe22a9645b44368865c0ba92e2fb881ff1afce94/extensions/github-authentication/dist/extension.js
[2020-03-21 23:28:02.302] [exthost] [info] ExtensionService#_doActivateExtension vscode.merge-conflict {"startup":true,"extensionId":{"value":"vscode.merge-conflict","_lower":"vscode.merge-conflict"},"activationEvent":"*"}
[2020-03-21 23:28:02.302] [exthost] [info] ExtensionService#loadCommonJSModule file:///home/uidd2020/user/purmonth/.vscode-server/bin/fe22a9645b44368865c0ba92e2fb881ff1afce94/extensions/merge-conflict/dist/extension
[2020-03-21 23:28:02.306] [exthost] [info] ExtensionService#_doActivateExtension vscode.search-result {"startup":true,"extensionId":{"value":"vscode.search-result","_lower":"vscode.search-result"},"activationEvent":"*"}
[2020-03-21 23:28:02.306] [exthost] [info] ExtensionService#loadCommonJSModule file:///home/uidd2020/user/purmonth/.vscode-server/bin/fe22a9645b44368865c0ba92e2fb881ff1afce94/extensions/search-result/dist/extension.js
[2020-03-21 23:28:02.307] [exthost] [info] ExtensionService#_doActivateExtension vscode.vscode-account {"startup":true,"extensionId":{"value":"vscode.vscode-account","_lower":"vscode.vscode-account"},"activationEvent":"*"}
[2020-03-21 23:28:02.307] [exthost] [info] ExtensionService#loadCommonJSModule file:///home/uidd2020/user/purmonth/.vscode-server/bin/fe22a9645b44368865c0ba92e2fb881ff1afce94/extensions/vscode-account/dist/extension.js
[2020-03-21 23:28:02.320] [exthost] [info] eager extensions activated
[2020-03-21 23:28:03.759] [exthost] [error] {"message":"Git error","stdout":"","stderr":"fatal: Pathspec '/home/uidd2020/user/purmonth/Web-tutorial/series' is in submodule 'Web-tutorial'\n","exitCode":128,"gitErrorCode":"IsInSubmodule"}
[2020-03-21 23:28:03.759] [exthost] [error] {"message":"Git error","stdout":"","stderr":"fatal: Pathspec '/home/uidd2020/user/purmonth/Web-tutorial/series' is in submodule 'Web-tutorial'\n","exitCode":128,"gitErrorCode":"IsInSubmodule"}
[2020-03-21 23:28:03.759] [exthost] [error] {"message":"Git error","stdout":"","stderr":"fatal: Pathspec '/home/uidd2020/user/purmonth/Web-tutorial/series' is in submodule 'Web-tutorial'\n","exitCode":128,"gitErrorCode":"IsInSubmodule"}
[2020-03-21 23:28:03.759] [exthost] [error] {"message":"Git error","stdout":"","stderr":"fatal: Pathspec '/home/uidd2020/user/purmonth/Web-tutorial/series' is in submodule 'Web-tutorial'\n","exitCode":128,"gitErrorCode":"IsInSubmodule"}
[2020-03-21 23:28:03.759] [exthost] [error] {"message":"Git error","stdout":"","stderr":"fatal: Pathspec '/home/uidd2020/user/purmonth/Web-tutorial/series' is in submodule 'Web-tutorial'\n","exitCode":128,"gitErrorCode":"IsInSubmodule"}
[2020-03-21 23:28:03.759] [exthost] [error] {"message":"Git error","stdout":"","stderr":"fatal: Pathspec '/home/uidd2020/user/purmonth/Web-tutorial/series' is in submodule 'Web-tutorial'\n","exitCode":128,"gitErrorCode":"IsInSubmodule"}
[2020-03-21 23:28:03.759] [exthost] [error] {"message":"Git error","stdout":"","stderr":"fatal: Pathspec '/home/uidd2020/user/purmonth/Web-tutorial/series' is in submodule 'Web-tutorial'\n","exitCode":128,"gitErrorCode":"IsInSubmodule"}
[2020-03-21 23:28:03.759] [exthost] [error] {"message":"Git error","stdout":"","stderr":"fatal: Pathspec '/home/uidd2020/user/purmonth/Web-tutorial/series' is in submodule 'Web-tutorial'\n","exitCode":128,"gitErrorCode":"IsInSubmodule"}
[2020-03-21 23:28:03.759] [exthost] [error] {"message":"Git error","stdout":"","stderr":"fatal: Pathspec '/home/uidd2020/user/purmonth/Web-tutorial/series' is in submodule 'Web-tutorial'\n","exitCode":128,"gitErrorCode":"IsInSubmodule"}
[2020-03-21 23:28:03.759] [exthost] [error] {"message":"Git error","stdout":"","stderr":"fatal: Pathspec '/home/uidd2020/user/purmonth/Web-tutorial/series' is in submodule 'Web-tutorial'\n","exitCode":128,"gitErrorCode":"IsInSubmodule"}
[2020-03-21 23:28:03.759] [exthost] [error] {"message":"Git error","stdout":"","stderr":"fatal: Pathspec '/home/uidd2020/user/purmonth/Web-tutorial/series' is in submodule 'Web-tutorial'\n","exitCode":128,"gitErrorCode":"IsInSubmodule"}
[2020-03-21 23:28:03.759] [exthost] [error] {"message":"Git error","stdout":"","stderr":"fatal: Pathspec '/home/uidd2020/user/purmonth/Web-tutorial/series' is in submodule 'Web-tutorial'\n","exitCode":128,"gitErrorCode":"IsInSubmodule"}
[2020-03-21 23:28:03.759] [exthost] [error] {"message":"Git error","stdout":"","stderr":"fatal: Pathspec '/home/uidd2020/user/purmonth/Web-tutorial/series' is in submodule 'Web-tutorial'\n","exitCode":128,"gitErrorCode":"IsInSubmodule"}
[2020-03-21 23:28:03.759] [exthost] [error] {"message":"Git error","stdout":"","stderr":"fatal: Pathspec '/home/uidd2020/user/purmonth/Web-tutorial/series' is in submodule 'Web-tutorial'\n","exitCode":128,"gitErrorCode":"IsInSubmodule"}
[2020-03-21 23:28:03.759] [exthost] [error] {"message":"Git error","stdout":"","stderr":"fatal: Pathspec '/home/uidd2020/user/purmonth/Web-tutorial/series' is in submodule 'Web-tutorial'\n","exitCode":128,"gitErrorCode":"IsInSubmodule"}
[2020-03-21 23:28:03.759] [exthost] [error] {"message":"Git error","stdout":"","stderr":"fatal: Pathspec '/home/uidd2020/user/purmonth/Web-tutorial/series' is in submodule 'Web-tutorial'\n","exitCode":128,"gitErrorCode":"IsInSubmodule"}
[2020-03-21 23:28:03.759] [exthost] [error] {"message":"Git error","stdout":"","stderr":"fatal: Pathspec '/home/uidd2020/user/purmonth/Web-tutorial/series' is in submodule 'Web-tutorial'\n","exitCode":128,"gitErrorCode":"IsInSubmodule"}
[2020-03-21 23:28:03.759] [exthost] [error] {"message":"Git error","stdout":"","stderr":"fatal: Pathspec '/home/uidd2020/user/purmonth/Web-tutorial/series' is in submodule 'Web-tutorial'\n","exitCode":128,"gitErrorCode":"IsInSubmodule"}
[2020-03-21 23:28:03.759] [exthost] [error] {"message":"Git error","stdout":"","stderr":"fatal: Pathspec '/home/uidd2020/user/purmonth/Web-tutorial/series' is in submodule 'Web-tutorial'\n","exitCode":128,"gitErrorCode":"IsInSubmodule"}
[2020-03-21 23:28:03.759] [exthost] [error] {"message":"Git error","stdout":"","stderr":"fatal: Pathspec '/home/uidd2020/user/purmonth/Web-tutorial/series' is in submodule 'Web-tutorial'\n","exitCode":128,"gitErrorCode":"IsInSubmodule"}
[2020-03-21 23:28:03.759] [exthost] [error] {"message":"Git error","stdout":"","stderr":"fatal: Pathspec '/home/uidd2020/user/purmonth/Web-tutorial/series' is in submodule 'Web-tutorial'\n","exitCode":128,"gitErrorCode":"IsInSubmodule"}
[2020-03-21 23:28:03.759] [exthost] [error] {"message":"Git error","stdout":"","stderr":"fatal: Pathspec '/home/uidd2020/user/purmonth/Web-tutorial/series' is in submodule 'Web-tutorial'\n","exitCode":128,"gitErrorCode":"IsInSubmodule"}
[2020-03-21 23:28:03.759] [exthost] [error] {"message":"Git error","stdout":"","stderr":"fatal: Pathspec '/home/uidd2020/user/purmonth/Web-tutorial/series' is in submodule 'Web-tutorial'\n","exitCode":128,"gitErrorCode":"IsInSubmodule"}
[2020-03-21 23:28:03.759] [exthost] [error] {"message":"Git error","stdout":"","stderr":"fatal: Pathspec '/home/uidd2020/user/purmonth/Web-tutorial/series' is in submodule 'Web-tutorial'\n","exitCode":128,"gitErrorCode":"IsInSubmodule"}
[2020-03-21 23:28:03.759] [exthost] [error] {"message":"Git error","stdout":"","stderr":"fatal: Pathspec '/home/uidd2020/user/purmonth/Web-tutorial/series' is in submodule 'Web-tutorial'\n","exitCode":128,"gitErrorCode":"IsInSubmodule"}
[2020-03-21 23:28:03.759] [exthost] [error] {"message":"Git error","stdout":"","stderr":"fatal: Pathspec '/home/uidd2020/user/purmonth/Web-tutorial/series' is in submodule 'Web-tutorial'\n","exitCode":128,"gitErrorCode":"IsInSubmodule"}
[2020-03-21 23:28:03.759] [exthost] [error] {"message":"Git error","stdout":"","stderr":"fatal: Pathspec '/home/uidd2020/user/purmonth/Web-tutorial/series' is in submodule 'Web-tutorial'\n","exitCode":128,"gitErrorCode":"IsInSubmodule"}
[2020-03-21 23:28:03.759] [exthost] [error] {"message":"Git error","stdout":"","stderr":"fatal: Pathspec '/home/uidd2020/user/purmonth/Web-tutorial/series' is in submodule 'Web-tutorial'\n","exitCode":128,"gitErrorCode":"IsInSubmodule"}
[2020-03-21 23:28:03.759] [exthost] [error] {"message":"Git error","stdout":"","stderr":"fatal: Pathspec '/home/uidd2020/user/purmonth/Web-tutorial/series' is in submodule 'Web-tutorial'\n","exitCode":128,"gitErrorCode":"IsInSubmodule"}
[2020-03-21 23:28:03.759] [exthost] [error] {"message":"Git error","stdout":"","stderr":"fatal: Pathspec '/home/uidd2020/user/purmonth/Web-tutorial/series' is in submodule 'Web-tutorial'\n","exitCode":128,"gitErrorCode":"IsInSubmodule"}
[2020-03-21 23:28:03.759] [exthost] [error] {"message":"Git error","stdout":"","stderr":"fatal: Pathspec '/home/uidd2020/user/purmonth/Web-tutorial/series' is in submodule 'Web-tutorial'\n","exitCode":128,"gitErrorCode":"IsInSubmodule"}
[2020-03-21 23:28:03.759] [exthost] [error] {"message":"Git error","stdout":"","stderr":"fatal: Pathspec '/home/uidd2020/user/purmonth/Web-tutorial/series' is in submodule 'Web-tutorial'\n","exitCode":128,"gitErrorCode":"IsInSubmodule"}
[2020-03-21 23:28:03.759] [exthost] [error] {"message":"Git error","stdout":"","stderr":"fatal: Pathspec '/home/uidd2020/user/purmonth/Web-tutorial/series' is in submodule 'Web-tutorial'\n","exitCode":128,"gitErrorCode":"IsInSubmodule"}
[2020-03-21 23:28:03.759] [exthost] [error] {"message":"Git error","stdout":"","stderr":"fatal: Pathspec '/home/uidd2020/user/purmonth/Web-tutorial/series' is in submodule 'Web-tutorial'\n","exitCode":128,"gitErrorCode":"IsInSubmodule"}
[2020-03-21 23:28:03.759] [exthost] [error] {"message":"Git error","stdout":"","stderr":"fatal: Pathspec '/home/uidd2020/user/purmonth/Web-tutorial/series' is in submodule 'Web-tutorial'\n","exitCode":128,"gitErrorCode":"IsInSubmodule"}
[2020-03-21 23:28:03.759] [exthost] [error] {"message":"Git error","stdout":"","stderr":"fatal: Pathspec '/home/uidd2020/user/purmonth/Web-tutorial/series' is in submodule 'Web-tutorial'\n","exitCode":128,"gitErrorCode":"IsInSubmodule"}
[2020-03-21 23:28:03.759] [exthost] [error] {"message":"Git error","stdout":"","stderr":"fatal: Pathspec '/home/uidd2020/user/purmonth/Web-tutorial/series' is in submodule 'Web-tutorial'\n","exitCode":128,"gitErrorCode":"IsInSubmodule"}
[2020-03-21 23:28:03.759] [exthost] [error] {"message":"Git error","stdout":"","stderr":"fatal: Pathspec '/home/uidd2020/user/purmonth/Web-tutorial/series' is in submodule 'Web-tutorial'\n","exitCode":128,"gitErrorCode":"IsInSubmodule"}
[2020-03-21 23:28:03.759] [exthost] [error] {"message":"Git error","stdout":"","stderr":"fatal: Pathspec '/home/uidd2020/user/purmonth/Web-tutorial/series' is in submodule 'Web-tutorial'\n","exitCode":128,"gitErrorCode":"IsInSubmodule"}
[2020-03-21 23:28:03.759] [exthost] [error] {"message":"Git error","stdout":"","stderr":"fatal: Pathspec '/home/uidd2020/user/purmonth/Web-tutorial/series' is in submodule 'Web-tutorial'\n","exitCode":128,"gitErrorCode":"IsInSubmodule"}
[2020-03-21 23:28:03.759] [exthost] [error] {"message":"Git error","stdout":"","stderr":"fatal: Pathspec '/home/uidd2020/user/purmonth/Web-tutorial/series' is in submodule 'Web-tutorial'\n","exitCode":128,"gitErrorCode":"IsInSubmodule"}
