[2020-03-17 22:50:56.494] [exthost] [info] extension host started
[2020-03-17 22:50:56.566] [exthost] [info] ExtensionService#_doActivateExtension vscode.emmet {"startup":false,"extensionId":{"value":"vscode.emmet","_lower":"vscode.emmet"},"activationEvent":"onLanguage:html"}
[2020-03-17 22:50:56.567] [exthost] [info] ExtensionService#loadCommonJSModule file:///home/uidd2020/user/purmonth/.vscode-server/bin/78a4c91400152c0f27ba4d363eb56d2835f9903a/extensions/emmet/dist/extension
[2020-03-17 22:50:56.597] [exthost] [info] ExtensionService#_doActivateExtension vscode.html-language-features {"startup":false,"extensionId":{"value":"vscode.html-language-features","_lower":"vscode.html-language-features"},"activationEvent":"onLanguage:html"}
[2020-03-17 22:50:56.597] [exthost] [info] ExtensionService#loadCommonJSModule file:///home/uidd2020/user/purmonth/.vscode-server/bin/78a4c91400152c0f27ba4d363eb56d2835f9903a/extensions/html-language-features/client/dist/htmlMain
[2020-03-17 22:50:56.631] [exthost] [info] ExtensionService#_doActivateExtension vscode.css-language-features {"startup":false,"extensionId":{"value":"vscode.css-language-features","_lower":"vscode.css-language-features"},"activationEvent":"onLanguage:css"}
[2020-03-17 22:50:56.631] [exthost] [info] ExtensionService#loadCommonJSModule file:///home/uidd2020/user/purmonth/.vscode-server/bin/78a4c91400152c0f27ba4d363eb56d2835f9903a/extensions/css-language-features/client/dist/cssMain
[2020-03-17 22:50:56.650] [exthost] [info] ExtensionService#_doActivateExtension vscode.debug-auto-launch {"startup":true,"extensionId":{"value":"vscode.debug-auto-launch","_lower":"vscode.debug-auto-launch"},"activationEvent":"*"}
[2020-03-17 22:50:56.650] [exthost] [info] ExtensionService#loadCommonJSModule file:///home/uidd2020/user/purmonth/.vscode-server/bin/78a4c91400152c0f27ba4d363eb56d2835f9903a/extensions/debug-auto-launch/dist/extension
[2020-03-17 22:50:56.652] [exthost] [info] ExtensionService#_doActivateExtension vscode.git {"startup":true,"extensionId":{"value":"vscode.git","_lower":"vscode.git"},"activationEvent":"*"}
[2020-03-17 22:50:56.653] [exthost] [info] ExtensionService#loadCommonJSModule file:///home/uidd2020/user/purmonth/.vscode-server/bin/78a4c91400152c0f27ba4d363eb56d2835f9903a/extensions/git/dist/main
[2020-03-17 22:50:56.704] [exthost] [info] ExtensionService#_doActivateExtension vscode.github-authentication {"startup":true,"extensionId":{"value":"vscode.github-authentication","_lower":"vscode.github-authentication"},"activationEvent":"*"}
[2020-03-17 22:50:56.704] [exthost] [info] ExtensionService#loadCommonJSModule file:///home/uidd2020/user/purmonth/.vscode-server/bin/78a4c91400152c0f27ba4d363eb56d2835f9903a/extensions/github-authentication/dist/extension.js
[2020-03-17 22:50:56.708] [exthost] [info] ExtensionService#_doActivateExtension vscode.merge-conflict {"startup":true,"extensionId":{"value":"vscode.merge-conflict","_lower":"vscode.merge-conflict"},"activationEvent":"*"}
[2020-03-17 22:50:56.708] [exthost] [info] ExtensionService#loadCommonJSModule file:///home/uidd2020/user/purmonth/.vscode-server/bin/78a4c91400152c0f27ba4d363eb56d2835f9903a/extensions/merge-conflict/dist/extension
[2020-03-17 22:50:56.712] [exthost] [info] ExtensionService#_doActivateExtension vscode.search-result {"startup":true,"extensionId":{"value":"vscode.search-result","_lower":"vscode.search-result"},"activationEvent":"*"}
[2020-03-17 22:50:56.712] [exthost] [info] ExtensionService#loadCommonJSModule file:///home/uidd2020/user/purmonth/.vscode-server/bin/78a4c91400152c0f27ba4d363eb56d2835f9903a/extensions/search-result/dist/extension.js
[2020-03-17 22:50:56.714] [exthost] [info] ExtensionService#_doActivateExtension vscode.vscode-account {"startup":true,"extensionId":{"value":"vscode.vscode-account","_lower":"vscode.vscode-account"},"activationEvent":"*"}
[2020-03-17 22:50:56.714] [exthost] [info] ExtensionService#loadCommonJSModule file:///home/uidd2020/user/purmonth/.vscode-server/bin/78a4c91400152c0f27ba4d363eb56d2835f9903a/extensions/vscode-account/dist/extension.js
[2020-03-17 22:50:56.727] [exthost] [info] eager extensions activated
[2020-03-17 22:50:58.170] [exthost] [error] {"message":"Git error","stdout":"","stderr":"fatal: pathspec '/home/uidd2020/user/purmonth/public_html/css/exercise.css' is beyond a symbolic link\n","exitCode":128}
[2020-03-17 22:50:58.170] [exthost] [error] {"message":"Git error","stdout":"","stderr":"fatal: pathspec '/home/uidd2020/user/purmonth/public_html/css/exercise.css' is beyond a symbolic link\n","exitCode":128}
[2020-03-17 22:50:58.170] [exthost] [error] {"message":"Git error","stdout":"","stderr":"fatal: pathspec '/home/uidd2020/user/purmonth/public_html/css/exercise.css' is beyond a symbolic link\n","exitCode":128}
[2020-03-17 22:50:58.170] [exthost] [error] {"message":"Git error","stdout":"","stderr":"fatal: pathspec '/home/uidd2020/user/purmonth/public_html/css/exercise.css' is beyond a symbolic link\n","exitCode":128}
[2020-03-17 22:50:58.170] [exthost] [error] {"message":"Git error","stdout":"","stderr":"fatal: pathspec '/home/uidd2020/user/purmonth/public_html/css/exercise.css' is beyond a symbolic link\n","exitCode":128}
[2020-03-17 22:50:58.170] [exthost] [error] {"message":"Git error","stdout":"","stderr":"fatal: pathspec '/home/uidd2020/user/purmonth/public_html/css/exercise.css' is beyond a symbolic link\n","exitCode":128}
[2020-03-17 22:50:58.170] [exthost] [error] {"message":"Git error","stdout":"","stderr":"fatal: pathspec '/home/uidd2020/user/purmonth/public_html/css/exercise.css' is beyond a symbolic link\n","exitCode":128}
[2020-03-17 22:50:58.170] [exthost] [error] {"message":"Git error","stdout":"","stderr":"fatal: pathspec '/home/uidd2020/user/purmonth/public_html/css/exercise.css' is beyond a symbolic link\n","exitCode":128}
[2020-03-17 22:50:58.170] [exthost] [error] {"message":"Git error","stdout":"","stderr":"fatal: pathspec '/home/uidd2020/user/purmonth/public_html/css/exercise.css' is beyond a symbolic link\n","exitCode":128}
[2020-03-17 22:50:58.170] [exthost] [error] {"message":"Git error","stdout":"","stderr":"fatal: pathspec '/home/uidd2020/user/purmonth/public_html/css/exercise.css' is beyond a symbolic link\n","exitCode":128}
[2020-03-17 22:50:58.170] [exthost] [error] {"message":"Git error","stdout":"","stderr":"fatal: pathspec '/home/uidd2020/user/purmonth/public_html/css/exercise.css' is beyond a symbolic link\n","exitCode":128}
[2020-03-17 22:50:58.171] [exthost] [error] {"message":"Git error","stdout":"","stderr":"fatal: pathspec '/home/uidd2020/user/purmonth/public_html/css/exercise.css' is beyond a symbolic link\n","exitCode":128}
[2020-03-17 22:50:58.171] [exthost] [error] {"message":"Git error","stdout":"","stderr":"fatal: pathspec '/home/uidd2020/user/purmonth/public_html/css/exercise.css' is beyond a symbolic link\n","exitCode":128}
[2020-03-17 22:50:58.171] [exthost] [error] {"message":"Git error","stdout":"","stderr":"fatal: pathspec '/home/uidd2020/user/purmonth/public_html/css/exercise.css' is beyond a symbolic link\n","exitCode":128}
[2020-03-17 22:50:58.171] [exthost] [error] {"message":"Git error","stdout":"","stderr":"fatal: pathspec '/home/uidd2020/user/purmonth/public_html/css/exercise.css' is beyond a symbolic link\n","exitCode":128}
[2020-03-17 22:50:58.171] [exthost] [error] {"message":"Git error","stdout":"","stderr":"fatal: pathspec '/home/uidd2020/user/purmonth/public_html/css/exercise.css' is beyond a symbolic link\n","exitCode":128}
[2020-03-17 22:50:58.171] [exthost] [error] {"message":"Git error","stdout":"","stderr":"fatal: pathspec '/home/uidd2020/user/purmonth/public_html/css/exercise.css' is beyond a symbolic link\n","exitCode":128}
[2020-03-17 22:50:58.171] [exthost] [error] {"message":"Git error","stdout":"","stderr":"fatal: pathspec '/home/uidd2020/user/purmonth/public_html/css/exercise.css' is beyond a symbolic link\n","exitCode":128}
[2020-03-17 22:50:58.171] [exthost] [error] {"message":"Git error","stdout":"","stderr":"fatal: pathspec '/home/uidd2020/user/purmonth/public_html/css/exercise.css' is beyond a symbolic link\n","exitCode":128}
[2020-03-17 22:50:58.171] [exthost] [error] {"message":"Git error","stdout":"","stderr":"fatal: pathspec '/home/uidd2020/user/purmonth/public_html/css/exercise.css' is beyond a symbolic link\n","exitCode":128}
[2020-03-17 22:50:58.171] [exthost] [error] {"message":"Git error","stdout":"","stderr":"fatal: pathspec '/home/uidd2020/user/purmonth/public_html/css/exercise.css' is beyond a symbolic link\n","exitCode":128}
[2020-03-17 22:50:58.171] [exthost] [error] {"message":"Git error","stdout":"","stderr":"fatal: pathspec '/home/uidd2020/user/purmonth/public_html/css/exercise.css' is beyond a symbolic link\n","exitCode":128}
[2020-03-17 22:50:58.171] [exthost] [error] {"message":"Git error","stdout":"","stderr":"fatal: pathspec '/home/uidd2020/user/purmonth/public_html/css/exercise.css' is beyond a symbolic link\n","exitCode":128}
[2020-03-17 22:50:58.171] [exthost] [error] {"message":"Git error","stdout":"","stderr":"fatal: pathspec '/home/uidd2020/user/purmonth/public_html/css/exercise.css' is beyond a symbolic link\n","exitCode":128}
[2020-03-17 22:50:58.171] [exthost] [error] {"message":"Git error","stdout":"","stderr":"fatal: pathspec '/home/uidd2020/user/purmonth/public_html/css/exercise.css' is beyond a symbolic link\n","exitCode":128}
[2020-03-17 22:50:58.171] [exthost] [error] {"message":"Git error","stdout":"","stderr":"fatal: pathspec '/home/uidd2020/user/purmonth/public_html/css/exercise.css' is beyond a symbolic link\n","exitCode":128}
[2020-03-17 22:50:58.171] [exthost] [error] {"message":"Git error","stdout":"","stderr":"fatal: pathspec '/home/uidd2020/user/purmonth/public_html/css/exercise.css' is beyond a symbolic link\n","exitCode":128}
[2020-03-17 22:50:58.171] [exthost] [error] {"message":"Git error","stdout":"","stderr":"fatal: pathspec '/home/uidd2020/user/purmonth/public_html/css/exercise.css' is beyond a symbolic link\n","exitCode":128}
[2020-03-17 22:50:58.171] [exthost] [error] {"message":"Git error","stdout":"","stderr":"fatal: pathspec '/home/uidd2020/user/purmonth/public_html/css/exercise.css' is beyond a symbolic link\n","exitCode":128}
[2020-03-17 22:50:58.171] [exthost] [error] {"message":"Git error","stdout":"","stderr":"fatal: pathspec '/home/uidd2020/user/purmonth/public_html/css/exercise.css' is beyond a symbolic link\n","exitCode":128}
[2020-03-17 22:50:58.171] [exthost] [error] {"message":"Git error","stdout":"","stderr":"fatal: pathspec '/home/uidd2020/user/purmonth/public_html/css/exercise.css' is beyond a symbolic link\n","exitCode":128}
[2020-03-17 22:50:58.171] [exthost] [error] {"message":"Git error","stdout":"","stderr":"fatal: pathspec '/home/uidd2020/user/purmonth/public_html/css/exercise.css' is beyond a symbolic link\n","exitCode":128}
[2020-03-17 22:50:58.171] [exthost] [error] {"message":"Git error","stdout":"","stderr":"fatal: pathspec '/home/uidd2020/user/purmonth/public_html/css/exercise.css' is beyond a symbolic link\n","exitCode":128}
[2020-03-17 22:50:58.171] [exthost] [error] {"message":"Git error","stdout":"","stderr":"fatal: pathspec '/home/uidd2020/user/purmonth/public_html/css/exercise.css' is beyond a symbolic link\n","exitCode":128}
[2020-03-17 22:50:58.171] [exthost] [error] {"message":"Git error","stdout":"","stderr":"fatal: pathspec '/home/uidd2020/user/purmonth/public_html/css/exercise.css' is beyond a symbolic link\n","exitCode":128}
[2020-03-17 22:50:58.171] [exthost] [error] {"message":"Git error","stdout":"","stderr":"fatal: pathspec '/home/uidd2020/user/purmonth/public_html/css/exercise.css' is beyond a symbolic link\n","exitCode":128}
[2020-03-17 22:50:58.171] [exthost] [error] {"message":"Git error","stdout":"","stderr":"fatal: pathspec '/home/uidd2020/user/purmonth/public_html/css/exercise.css' is beyond a symbolic link\n","exitCode":128}
[2020-03-17 22:50:58.171] [exthost] [error] {"message":"Git error","stdout":"","stderr":"fatal: pathspec '/home/uidd2020/user/purmonth/public_html/css/exercise.css' is beyond a symbolic link\n","exitCode":128}
[2020-03-17 22:50:58.171] [exthost] [error] {"message":"Git error","stdout":"","stderr":"fatal: pathspec '/home/uidd2020/user/purmonth/public_html/css/exercise.css' is beyond a symbolic link\n","exitCode":128}
[2020-03-17 22:50:58.171] [exthost] [error] {"message":"Git error","stdout":"","stderr":"fatal: pathspec '/home/uidd2020/user/purmonth/public_html/css/exercise.css' is beyond a symbolic link\n","exitCode":128}
[2020-03-17 22:50:58.171] [exthost] [error] {"message":"Git error","stdout":"","stderr":"fatal: pathspec '/home/uidd2020/user/purmonth/public_html/css/exercise.css' is beyond a symbolic link\n","exitCode":128}
[2020-03-17 22:51:18.753] [exthost] [error] {"message":"Git error","stdout":"","stderr":"fatal: pathspec '/home/uidd2020/user/purmonth/public_html/css/demo.html' is beyond a symbolic link\n","exitCode":128}
[2020-03-17 22:59:14.525] [exthost] [error] {"message":"Git error","stdout":"","stderr":"fatal: pathspec '/home/uidd2020/user/purmonth/public_html/css/res' is beyond a symbolic link\n","exitCode":128}
[2020-03-17 22:59:14.525] [exthost] [error] {"message":"Git error","stdout":"","stderr":"fatal: pathspec '/home/uidd2020/user/purmonth/public_html/css/res' is beyond a symbolic link\n","exitCode":128}
[2020-03-17 22:59:14.525] [exthost] [error] {"message":"Git error","stdout":"","stderr":"fatal: pathspec '/home/uidd2020/user/purmonth/public_html/css/res' is beyond a symbolic link\n","exitCode":128}
[2020-03-17 22:59:14.525] [exthost] [error] {"message":"Git error","stdout":"","stderr":"fatal: pathspec '/home/uidd2020/user/purmonth/public_html/css/res' is beyond a symbolic link\n","exitCode":128}
[2020-03-17 22:59:14.525] [exthost] [error] {"message":"Git error","stdout":"","stderr":"fatal: pathspec '/home/uidd2020/user/purmonth/public_html/css/res' is beyond a symbolic link\n","exitCode":128}
[2020-03-17 22:59:14.525] [exthost] [error] {"message":"Git error","stdout":"","stderr":"fatal: pathspec '/home/uidd2020/user/purmonth/public_html/css/res' is beyond a symbolic link\n","exitCode":128}
[2020-03-17 22:59:14.525] [exthost] [error] {"message":"Git error","stdout":"","stderr":"fatal: pathspec '/home/uidd2020/user/purmonth/public_html/css/res' is beyond a symbolic link\n","exitCode":128}
[2020-03-17 22:59:14.525] [exthost] [error] {"message":"Git error","stdout":"","stderr":"fatal: pathspec '/home/uidd2020/user/purmonth/public_html/css/res' is beyond a symbolic link\n","exitCode":128}
[2020-03-17 22:59:14.525] [exthost] [error] {"message":"Git error","stdout":"","stderr":"fatal: pathspec '/home/uidd2020/user/purmonth/public_html/css/res' is beyond a symbolic link\n","exitCode":128}
[2020-03-17 22:59:14.525] [exthost] [error] {"message":"Git error","stdout":"","stderr":"fatal: pathspec '/home/uidd2020/user/purmonth/public_html/css/res' is beyond a symbolic link\n","exitCode":128}
[2020-03-17 22:59:14.525] [exthost] [error] {"message":"Git error","stdout":"","stderr":"fatal: pathspec '/home/uidd2020/user/purmonth/public_html/css/res' is beyond a symbolic link\n","exitCode":128}
[2020-03-17 22:59:14.525] [exthost] [error] {"message":"Git error","stdout":"","stderr":"fatal: pathspec '/home/uidd2020/user/purmonth/public_html/css/res' is beyond a symbolic link\n","exitCode":128}
[2020-03-17 22:59:14.525] [exthost] [error] {"message":"Git error","stdout":"","stderr":"fatal: pathspec '/home/uidd2020/user/purmonth/public_html/css/res' is beyond a symbolic link\n","exitCode":128}
[2020-03-17 22:59:14.525] [exthost] [error] {"message":"Git error","stdout":"","stderr":"fatal: pathspec '/home/uidd2020/user/purmonth/public_html/css/res' is beyond a symbolic link\n","exitCode":128}
[2020-03-17 22:59:14.525] [exthost] [error] {"message":"Git error","stdout":"","stderr":"fatal: pathspec '/home/uidd2020/user/purmonth/public_html/css/res' is beyond a symbolic link\n","exitCode":128}
[2020-03-17 22:59:14.526] [exthost] [error] {"message":"Git error","stdout":"","stderr":"fatal: pathspec '/home/uidd2020/user/purmonth/public_html/css/res' is beyond a symbolic link\n","exitCode":128}
[2020-03-17 22:59:14.526] [exthost] [error] {"message":"Git error","stdout":"","stderr":"fatal: pathspec '/home/uidd2020/user/purmonth/public_html/css/res' is beyond a symbolic link\n","exitCode":128}
