[2020-04-16 21:08:26.765] [exthost] [info] extension host started
[2020-04-16 21:08:26.860] [exthost] [info] ExtensionService#_doActivateExtension vscode.debug-auto-launch {"startup":true,"extensionId":{"value":"vscode.debug-auto-launch","_lower":"vscode.debug-auto-launch"},"activationEvent":"*"}
[2020-04-16 21:08:26.860] [exthost] [info] ExtensionService#loadCommonJSModule file:///home/uidd2020/user/purmonth/.vscode-server/bin/2aae1f26c72891c399f860409176fe435a154b13/extensions/debug-auto-launch/dist/extension
[2020-04-16 21:08:26.866] [exthost] [info] ExtensionService#_doActivateExtension vscode.emmet {"startup":true,"extensionId":{"value":"vscode.emmet","_lower":"vscode.emmet"},"activationEvent":"*"}
[2020-04-16 21:08:26.866] [exthost] [info] ExtensionService#loadCommonJSModule file:///home/uidd2020/user/purmonth/.vscode-server/bin/2aae1f26c72891c399f860409176fe435a154b13/extensions/emmet/dist/extension
[2020-04-16 21:08:26.894] [exthost] [info] ExtensionService#_doActivateExtension vscode.git {"startup":true,"extensionId":{"value":"vscode.git","_lower":"vscode.git"},"activationEvent":"*"}
[2020-04-16 21:08:26.894] [exthost] [info] ExtensionService#loadCommonJSModule file:///home/uidd2020/user/purmonth/.vscode-server/bin/2aae1f26c72891c399f860409176fe435a154b13/extensions/git/dist/main
[2020-04-16 21:08:26.945] [exthost] [info] ExtensionService#_doActivateExtension vscode.github-authentication {"startup":true,"extensionId":{"value":"vscode.github-authentication","_lower":"vscode.github-authentication"},"activationEvent":"*"}
[2020-04-16 21:08:26.945] [exthost] [info] ExtensionService#loadCommonJSModule file:///home/uidd2020/user/purmonth/.vscode-server/bin/2aae1f26c72891c399f860409176fe435a154b13/extensions/github-authentication/dist/extension.js
[2020-04-16 21:08:26.950] [exthost] [info] ExtensionService#_doActivateExtension vscode.merge-conflict {"startup":true,"extensionId":{"value":"vscode.merge-conflict","_lower":"vscode.merge-conflict"},"activationEvent":"*"}
[2020-04-16 21:08:26.950] [exthost] [info] ExtensionService#loadCommonJSModule file:///home/uidd2020/user/purmonth/.vscode-server/bin/2aae1f26c72891c399f860409176fe435a154b13/extensions/merge-conflict/dist/extension
[2020-04-16 21:08:26.953] [exthost] [info] ExtensionService#_doActivateExtension vscode.search-result {"startup":true,"extensionId":{"value":"vscode.search-result","_lower":"vscode.search-result"},"activationEvent":"*"}
[2020-04-16 21:08:26.953] [exthost] [info] ExtensionService#loadCommonJSModule file:///home/uidd2020/user/purmonth/.vscode-server/bin/2aae1f26c72891c399f860409176fe435a154b13/extensions/search-result/dist/extension.js
[2020-04-16 21:08:26.955] [exthost] [info] ExtensionService#_doActivateExtension vscode.vscode-account {"startup":true,"extensionId":{"value":"vscode.vscode-account","_lower":"vscode.vscode-account"},"activationEvent":"*"}
[2020-04-16 21:08:26.955] [exthost] [info] ExtensionService#loadCommonJSModule file:///home/uidd2020/user/purmonth/.vscode-server/bin/2aae1f26c72891c399f860409176fe435a154b13/extensions/vscode-account/dist/extension.js
[2020-04-16 21:08:26.968] [exthost] [info] eager extensions activated
[2020-04-16 21:21:05.027] [exthost] [info] ExtensionService#_doActivateExtension vscode.typescript-language-features {"startup":false,"extensionId":{"value":"vscode.typescript-language-features","_lower":"vscode.typescript-language-features"},"activationEvent":"onLanguage:javascript"}
[2020-04-16 21:21:05.027] [exthost] [info] ExtensionService#loadCommonJSModule file:///home/uidd2020/user/purmonth/.vscode-server/bin/2aae1f26c72891c399f860409176fe435a154b13/extensions/typescript-language-features/dist/extension
[2020-04-16 21:21:31.296] [exthost] [info] ExtensionService#_doActivateExtension vscode.html-language-features {"startup":false,"extensionId":{"value":"vscode.html-language-features","_lower":"vscode.html-language-features"},"activationEvent":"onLanguage:html"}
[2020-04-16 21:21:31.296] [exthost] [info] ExtensionService#loadCommonJSModule file:///home/uidd2020/user/purmonth/.vscode-server/bin/2aae1f26c72891c399f860409176fe435a154b13/extensions/html-language-features/client/dist/htmlMain
[2020-04-16 21:21:47.306] [exthost] [info] ExtensionService#_doActivateExtension vscode.extension-editing {"startup":false,"extensionId":{"value":"vscode.extension-editing","_lower":"vscode.extension-editing"},"activationEvent":"onLanguage:typescript"}
[2020-04-16 21:21:47.306] [exthost] [info] ExtensionService#loadCommonJSModule file:///home/uidd2020/user/purmonth/.vscode-server/bin/2aae1f26c72891c399f860409176fe435a154b13/extensions/extension-editing/dist/extension
[2020-04-16 21:22:00.028] [exthost] [info] [vscode.typescript-language-features] UNSAVE result from 'resolveCompletionItem', extension SHOULD NOT change any of: additionalTextEdits, or command
