[2020-03-16 19:58:59.151] [exthost] [info] extension host started
[2020-03-16 19:58:59.273] [exthost] [info] ExtensionService#_doActivateExtension vscode.debug-auto-launch {"startup":true,"extensionId":{"value":"vscode.debug-auto-launch","_lower":"vscode.debug-auto-launch"},"activationEvent":"*"}
[2020-03-16 19:58:59.274] [exthost] [info] ExtensionService#loadCommonJSModule file:///home/uidd2020/user/purmonth/.vscode-server/bin/c47d83b293181d9be64f27ff093689e8e7aed054/extensions/debug-auto-launch/dist/extension
[2020-03-16 19:58:59.282] [exthost] [info] ExtensionService#_doActivateExtension vscode.emmet {"startup":true,"extensionId":{"value":"vscode.emmet","_lower":"vscode.emmet"},"activationEvent":"*"}
[2020-03-16 19:58:59.282] [exthost] [info] ExtensionService#loadCommonJSModule file:///home/uidd2020/user/purmonth/.vscode-server/bin/c47d83b293181d9be64f27ff093689e8e7aed054/extensions/emmet/dist/extension
[2020-03-16 19:58:59.310] [exthost] [info] ExtensionService#_doActivateExtension vscode.git {"startup":true,"extensionId":{"value":"vscode.git","_lower":"vscode.git"},"activationEvent":"*"}
[2020-03-16 19:58:59.310] [exthost] [info] ExtensionService#loadCommonJSModule file:///home/uidd2020/user/purmonth/.vscode-server/bin/c47d83b293181d9be64f27ff093689e8e7aed054/extensions/git/dist/main
[2020-03-16 19:58:59.361] [exthost] [info] ExtensionService#_doActivateExtension vscode.merge-conflict {"startup":true,"extensionId":{"value":"vscode.merge-conflict","_lower":"vscode.merge-conflict"},"activationEvent":"*"}
[2020-03-16 19:58:59.361] [exthost] [info] ExtensionService#loadCommonJSModule file:///home/uidd2020/user/purmonth/.vscode-server/bin/c47d83b293181d9be64f27ff093689e8e7aed054/extensions/merge-conflict/dist/extension
[2020-03-16 19:58:59.365] [exthost] [info] ExtensionService#_doActivateExtension vscode.search-result {"startup":true,"extensionId":{"value":"vscode.search-result","_lower":"vscode.search-result"},"activationEvent":"*"}
[2020-03-16 19:58:59.365] [exthost] [info] ExtensionService#loadCommonJSModule file:///home/uidd2020/user/purmonth/.vscode-server/bin/c47d83b293181d9be64f27ff093689e8e7aed054/extensions/search-result/dist/extension.js
[2020-03-16 19:58:59.366] [exthost] [info] ExtensionService#_doActivateExtension vscode.vscode-account {"startup":true,"extensionId":{"value":"vscode.vscode-account","_lower":"vscode.vscode-account"},"activationEvent":"*"}
[2020-03-16 19:58:59.366] [exthost] [info] ExtensionService#loadCommonJSModule file:///home/uidd2020/user/purmonth/.vscode-server/bin/c47d83b293181d9be64f27ff093689e8e7aed054/extensions/vscode-account/dist/extension.js
[2020-03-16 19:58:59.377] [exthost] [info] eager extensions activated
[2020-03-16 19:59:00.501] [exthost] [error] {"message":"Git error","stdout":"","stderr":"fatal: pathspec '/home/uidd2020/user/purmonth/public_html/css/README.md' is beyond a symbolic link\n","exitCode":128}
[2020-03-16 19:59:00.501] [exthost] [error] {"message":"Git error","stdout":"","stderr":"fatal: pathspec '/home/uidd2020/user/purmonth/public_html/css/README.md' is beyond a symbolic link\n","exitCode":128}
[2020-03-16 19:59:00.501] [exthost] [error] {"message":"Git error","stdout":"","stderr":"fatal: pathspec '/home/uidd2020/user/purmonth/public_html/css/README.md' is beyond a symbolic link\n","exitCode":128}
[2020-03-16 19:59:00.501] [exthost] [error] {"message":"Git error","stdout":"","stderr":"fatal: pathspec '/home/uidd2020/user/purmonth/public_html/css/README.md' is beyond a symbolic link\n","exitCode":128}
[2020-03-16 19:59:00.501] [exthost] [error] {"message":"Git error","stdout":"","stderr":"fatal: pathspec '/home/uidd2020/user/purmonth/public_html/css/README.md' is beyond a symbolic link\n","exitCode":128}
[2020-03-16 19:59:00.501] [exthost] [error] {"message":"Git error","stdout":"","stderr":"fatal: pathspec '/home/uidd2020/user/purmonth/public_html/css/README.md' is beyond a symbolic link\n","exitCode":128}
[2020-03-16 19:59:00.501] [exthost] [error] {"message":"Git error","stdout":"","stderr":"fatal: pathspec '/home/uidd2020/user/purmonth/public_html/css/README.md' is beyond a symbolic link\n","exitCode":128}
[2020-03-16 19:59:00.501] [exthost] [error] {"message":"Git error","stdout":"","stderr":"fatal: pathspec '/home/uidd2020/user/purmonth/public_html/css/README.md' is beyond a symbolic link\n","exitCode":128}
[2020-03-16 19:59:00.501] [exthost] [error] {"message":"Git error","stdout":"","stderr":"fatal: pathspec '/home/uidd2020/user/purmonth/public_html/css/README.md' is beyond a symbolic link\n","exitCode":128}
[2020-03-16 19:59:00.501] [exthost] [error] {"message":"Git error","stdout":"","stderr":"fatal: pathspec '/home/uidd2020/user/purmonth/public_html/css/README.md' is beyond a symbolic link\n","exitCode":128}
[2020-03-16 19:59:00.501] [exthost] [error] {"message":"Git error","stdout":"","stderr":"fatal: pathspec '/home/uidd2020/user/purmonth/public_html/css/README.md' is beyond a symbolic link\n","exitCode":128}
[2020-03-16 19:59:00.501] [exthost] [error] {"message":"Git error","stdout":"","stderr":"fatal: pathspec '/home/uidd2020/user/purmonth/public_html/css/README.md' is beyond a symbolic link\n","exitCode":128}
[2020-03-16 19:59:00.501] [exthost] [error] {"message":"Git error","stdout":"","stderr":"fatal: pathspec '/home/uidd2020/user/purmonth/public_html/css/README.md' is beyond a symbolic link\n","exitCode":128}
[2020-03-16 19:59:00.501] [exthost] [error] {"message":"Git error","stdout":"","stderr":"fatal: pathspec '/home/uidd2020/user/purmonth/public_html/css/README.md' is beyond a symbolic link\n","exitCode":128}
[2020-03-16 19:59:00.501] [exthost] [error] {"message":"Git error","stdout":"","stderr":"fatal: pathspec '/home/uidd2020/user/purmonth/public_html/css/README.md' is beyond a symbolic link\n","exitCode":128}
[2020-03-16 19:59:00.501] [exthost] [error] {"message":"Git error","stdout":"","stderr":"fatal: pathspec '/home/uidd2020/user/purmonth/public_html/css/README.md' is beyond a symbolic link\n","exitCode":128}
[2020-03-16 19:59:00.501] [exthost] [error] {"message":"Git error","stdout":"","stderr":"fatal: pathspec '/home/uidd2020/user/purmonth/public_html/css/README.md' is beyond a symbolic link\n","exitCode":128}
[2020-03-16 19:59:00.501] [exthost] [error] {"message":"Git error","stdout":"","stderr":"fatal: pathspec '/home/uidd2020/user/purmonth/public_html/css/README.md' is beyond a symbolic link\n","exitCode":128}
[2020-03-16 19:59:00.501] [exthost] [error] {"message":"Git error","stdout":"","stderr":"fatal: pathspec '/home/uidd2020/user/purmonth/public_html/css/README.md' is beyond a symbolic link\n","exitCode":128}
[2020-03-16 19:59:00.501] [exthost] [error] {"message":"Git error","stdout":"","stderr":"fatal: pathspec '/home/uidd2020/user/purmonth/public_html/css/README.md' is beyond a symbolic link\n","exitCode":128}
[2020-03-16 19:59:00.501] [exthost] [error] {"message":"Git error","stdout":"","stderr":"fatal: pathspec '/home/uidd2020/user/purmonth/public_html/css/README.md' is beyond a symbolic link\n","exitCode":128}
[2020-03-16 19:59:00.501] [exthost] [error] {"message":"Git error","stdout":"","stderr":"fatal: pathspec '/home/uidd2020/user/purmonth/public_html/css/README.md' is beyond a symbolic link\n","exitCode":128}
[2020-03-16 19:59:00.501] [exthost] [error] {"message":"Git error","stdout":"","stderr":"fatal: pathspec '/home/uidd2020/user/purmonth/public_html/css/README.md' is beyond a symbolic link\n","exitCode":128}
[2020-03-16 19:59:00.501] [exthost] [error] {"message":"Git error","stdout":"","stderr":"fatal: pathspec '/home/uidd2020/user/purmonth/public_html/css/README.md' is beyond a symbolic link\n","exitCode":128}
[2020-03-16 19:59:16.155] [exthost] [info] ExtensionService#_doActivateExtension vscode.configuration-editing {"startup":false,"extensionId":{"value":"vscode.configuration-editing","_lower":"vscode.configuration-editing"},"activationEvent":"onLanguage:jsonc"}
[2020-03-16 19:59:16.155] [exthost] [info] ExtensionService#loadCommonJSModule file:///home/uidd2020/user/purmonth/.vscode-server/bin/c47d83b293181d9be64f27ff093689e8e7aed054/extensions/configuration-editing/dist/extension
[2020-03-16 19:59:16.192] [exthost] [info] ExtensionService#_doActivateExtension vscode.json-language-features {"startup":false,"extensionId":{"value":"vscode.json-language-features","_lower":"vscode.json-language-features"},"activationEvent":"onLanguage:jsonc"}
[2020-03-16 19:59:16.192] [exthost] [info] ExtensionService#loadCommonJSModule file:///home/uidd2020/user/purmonth/.vscode-server/bin/c47d83b293181d9be64f27ff093689e8e7aed054/extensions/json-language-features/client/dist/jsonMain
[2020-03-16 19:59:16.235] [exthost] [info] ExtensionService#_doActivateExtension vscode.typescript-language-features {"startup":false,"extensionId":{"value":"vscode.typescript-language-features","_lower":"vscode.typescript-language-features"},"activationEvent":"onLanguage:jsonc"}
[2020-03-16 19:59:16.235] [exthost] [info] ExtensionService#loadCommonJSModule file:///home/uidd2020/user/purmonth/.vscode-server/bin/c47d83b293181d9be64f27ff093689e8e7aed054/extensions/typescript-language-features/dist/extension
[2020-03-16 20:35:26.587] [exthost] [error] {"message":"Git error","stdout":"","stderr":"fatal: Pathspec '/home/uidd2020/user/purmonth/Web-tutorial/unit/css/res' is in submodule 'Web-tutorial'\n","exitCode":128,"gitErrorCode":"IsInSubmodule"}
[2020-03-16 20:35:26.587] [exthost] [error] {"message":"Git error","stdout":"","stderr":"fatal: Pathspec '/home/uidd2020/user/purmonth/Web-tutorial/unit/css/res' is in submodule 'Web-tutorial'\n","exitCode":128,"gitErrorCode":"IsInSubmodule"}
[2020-03-16 20:35:29.874] [exthost] [error] {"message":"Git error","stdout":"","stderr":"fatal: Pathspec '/home/uidd2020/user/purmonth/Web-tutorial/unit/css/demo.css' is in submodule 'Web-tutorial'\n","exitCode":128,"gitErrorCode":"IsInSubmodule"}
[2020-03-16 20:35:29.874] [exthost] [error] {"message":"Git error","stdout":"","stderr":"fatal: Pathspec '/home/uidd2020/user/purmonth/Web-tutorial/unit/css/demo.css' is in submodule 'Web-tutorial'\n","exitCode":128,"gitErrorCode":"IsInSubmodule"}
[2020-03-16 20:35:29.874] [exthost] [error] {"message":"Git error","stdout":"","stderr":"fatal: Pathspec '/home/uidd2020/user/purmonth/Web-tutorial/unit/css/demo.css' is in submodule 'Web-tutorial'\n","exitCode":128,"gitErrorCode":"IsInSubmodule"}
[2020-03-16 20:35:29.874] [exthost] [error] {"message":"Git error","stdout":"","stderr":"fatal: Pathspec '/home/uidd2020/user/purmonth/Web-tutorial/unit/css/demo.css' is in submodule 'Web-tutorial'\n","exitCode":128,"gitErrorCode":"IsInSubmodule"}
[2020-03-16 20:35:29.874] [exthost] [error] {"message":"Git error","stdout":"","stderr":"fatal: Pathspec '/home/uidd2020/user/purmonth/Web-tutorial/unit/css/demo.css' is in submodule 'Web-tutorial'\n","exitCode":128,"gitErrorCode":"IsInSubmodule"}
[2020-03-16 20:35:29.874] [exthost] [error] {"message":"Git error","stdout":"","stderr":"fatal: Pathspec '/home/uidd2020/user/purmonth/Web-tutorial/unit/css/demo.css' is in submodule 'Web-tutorial'\n","exitCode":128,"gitErrorCode":"IsInSubmodule"}
[2020-03-16 20:35:29.874] [exthost] [error] {"message":"Git error","stdout":"","stderr":"fatal: Pathspec '/home/uidd2020/user/purmonth/Web-tutorial/unit/css/demo.css' is in submodule 'Web-tutorial'\n","exitCode":128,"gitErrorCode":"IsInSubmodule"}
[2020-03-16 20:35:29.874] [exthost] [error] {"message":"Git error","stdout":"","stderr":"fatal: Pathspec '/home/uidd2020/user/purmonth/Web-tutorial/unit/css/demo.css' is in submodule 'Web-tutorial'\n","exitCode":128,"gitErrorCode":"IsInSubmodule"}
