[2020-03-16 22:54:26.770] [exthost] [info] extension host started
[2020-03-16 22:54:26.884] [exthost] [info] ExtensionService#_doActivateExtension vscode.debug-auto-launch {"startup":true,"extensionId":{"value":"vscode.debug-auto-launch","_lower":"vscode.debug-auto-launch"},"activationEvent":"*"}
[2020-03-16 22:54:26.884] [exthost] [info] ExtensionService#loadCommonJSModule file:///home/uidd2020/user/purmonth/.vscode-server/bin/c47d83b293181d9be64f27ff093689e8e7aed054/extensions/debug-auto-launch/dist/extension
[2020-03-16 22:54:26.889] [exthost] [info] ExtensionService#_doActivateExtension vscode.emmet {"startup":true,"extensionId":{"value":"vscode.emmet","_lower":"vscode.emmet"},"activationEvent":"*"}
[2020-03-16 22:54:26.889] [exthost] [info] ExtensionService#loadCommonJSModule file:///home/uidd2020/user/purmonth/.vscode-server/bin/c47d83b293181d9be64f27ff093689e8e7aed054/extensions/emmet/dist/extension
[2020-03-16 22:54:26.924] [exthost] [info] ExtensionService#_doActivateExtension vscode.git {"startup":true,"extensionId":{"value":"vscode.git","_lower":"vscode.git"},"activationEvent":"*"}
[2020-03-16 22:54:26.924] [exthost] [info] ExtensionService#loadCommonJSModule file:///home/uidd2020/user/purmonth/.vscode-server/bin/c47d83b293181d9be64f27ff093689e8e7aed054/extensions/git/dist/main
[2020-03-16 22:54:26.973] [exthost] [info] ExtensionService#_doActivateExtension vscode.merge-conflict {"startup":true,"extensionId":{"value":"vscode.merge-conflict","_lower":"vscode.merge-conflict"},"activationEvent":"*"}
[2020-03-16 22:54:26.973] [exthost] [info] ExtensionService#loadCommonJSModule file:///home/uidd2020/user/purmonth/.vscode-server/bin/c47d83b293181d9be64f27ff093689e8e7aed054/extensions/merge-conflict/dist/extension
[2020-03-16 22:54:26.977] [exthost] [info] ExtensionService#_doActivateExtension vscode.search-result {"startup":true,"extensionId":{"value":"vscode.search-result","_lower":"vscode.search-result"},"activationEvent":"*"}
[2020-03-16 22:54:26.977] [exthost] [info] ExtensionService#loadCommonJSModule file:///home/uidd2020/user/purmonth/.vscode-server/bin/c47d83b293181d9be64f27ff093689e8e7aed054/extensions/search-result/dist/extension.js
[2020-03-16 22:54:26.978] [exthost] [info] ExtensionService#_doActivateExtension vscode.vscode-account {"startup":true,"extensionId":{"value":"vscode.vscode-account","_lower":"vscode.vscode-account"},"activationEvent":"*"}
[2020-03-16 22:54:26.978] [exthost] [info] ExtensionService#loadCommonJSModule file:///home/uidd2020/user/purmonth/.vscode-server/bin/c47d83b293181d9be64f27ff093689e8e7aed054/extensions/vscode-account/dist/extension.js
[2020-03-16 22:54:26.989] [exthost] [info] eager extensions activated
[2020-03-16 22:54:27.994] [exthost] [error] {"message":"Git error","stdout":"","stderr":"fatal: Pathspec '/home/uidd2020/user/purmonth/Web-tutorial/unit/js' is in submodule 'Web-tutorial'\n","exitCode":128,"gitErrorCode":"IsInSubmodule"}
[2020-03-16 22:54:27.994] [exthost] [error] {"message":"Git error","stdout":"","stderr":"fatal: Pathspec '/home/uidd2020/user/purmonth/Web-tutorial/unit/js' is in submodule 'Web-tutorial'\n","exitCode":128,"gitErrorCode":"IsInSubmodule"}
[2020-03-16 22:54:27.994] [exthost] [error] {"message":"Git error","stdout":"","stderr":"fatal: Pathspec '/home/uidd2020/user/purmonth/Web-tutorial/unit/js' is in submodule 'Web-tutorial'\n","exitCode":128,"gitErrorCode":"IsInSubmodule"}
[2020-03-16 22:54:27.994] [exthost] [error] {"message":"Git error","stdout":"","stderr":"fatal: Pathspec '/home/uidd2020/user/purmonth/Web-tutorial/unit/js' is in submodule 'Web-tutorial'\n","exitCode":128,"gitErrorCode":"IsInSubmodule"}
[2020-03-16 22:54:27.994] [exthost] [error] {"message":"Git error","stdout":"","stderr":"fatal: Pathspec '/home/uidd2020/user/purmonth/Web-tutorial/unit/js' is in submodule 'Web-tutorial'\n","exitCode":128,"gitErrorCode":"IsInSubmodule"}
[2020-03-16 22:54:27.994] [exthost] [error] {"message":"Git error","stdout":"","stderr":"fatal: Pathspec '/home/uidd2020/user/purmonth/Web-tutorial/unit/js' is in submodule 'Web-tutorial'\n","exitCode":128,"gitErrorCode":"IsInSubmodule"}
[2020-03-16 22:54:27.994] [exthost] [error] {"message":"Git error","stdout":"","stderr":"fatal: Pathspec '/home/uidd2020/user/purmonth/Web-tutorial/unit/js' is in submodule 'Web-tutorial'\n","exitCode":128,"gitErrorCode":"IsInSubmodule"}
[2020-03-16 22:54:27.994] [exthost] [error] {"message":"Git error","stdout":"","stderr":"fatal: Pathspec '/home/uidd2020/user/purmonth/Web-tutorial/unit/js' is in submodule 'Web-tutorial'\n","exitCode":128,"gitErrorCode":"IsInSubmodule"}
[2020-03-16 22:54:27.994] [exthost] [error] {"message":"Git error","stdout":"","stderr":"fatal: Pathspec '/home/uidd2020/user/purmonth/Web-tutorial/unit/js' is in submodule 'Web-tutorial'\n","exitCode":128,"gitErrorCode":"IsInSubmodule"}
[2020-03-16 22:54:27.994] [exthost] [error] {"message":"Git error","stdout":"","stderr":"fatal: Pathspec '/home/uidd2020/user/purmonth/Web-tutorial/unit/js' is in submodule 'Web-tutorial'\n","exitCode":128,"gitErrorCode":"IsInSubmodule"}
[2020-03-16 22:54:27.994] [exthost] [error] {"message":"Git error","stdout":"","stderr":"fatal: Pathspec '/home/uidd2020/user/purmonth/Web-tutorial/unit/js' is in submodule 'Web-tutorial'\n","exitCode":128,"gitErrorCode":"IsInSubmodule"}
[2020-03-16 22:54:27.994] [exthost] [error] {"message":"Git error","stdout":"","stderr":"fatal: Pathspec '/home/uidd2020/user/purmonth/Web-tutorial/unit/js' is in submodule 'Web-tutorial'\n","exitCode":128,"gitErrorCode":"IsInSubmodule"}
[2020-03-16 22:54:27.994] [exthost] [error] {"message":"Git error","stdout":"","stderr":"fatal: Pathspec '/home/uidd2020/user/purmonth/Web-tutorial/unit/js' is in submodule 'Web-tutorial'\n","exitCode":128,"gitErrorCode":"IsInSubmodule"}
[2020-03-16 22:54:27.994] [exthost] [error] {"message":"Git error","stdout":"","stderr":"fatal: Pathspec '/home/uidd2020/user/purmonth/Web-tutorial/unit/js' is in submodule 'Web-tutorial'\n","exitCode":128,"gitErrorCode":"IsInSubmodule"}
[2020-03-16 22:54:27.994] [exthost] [error] {"message":"Git error","stdout":"","stderr":"fatal: Pathspec '/home/uidd2020/user/purmonth/Web-tutorial/unit/js' is in submodule 'Web-tutorial'\n","exitCode":128,"gitErrorCode":"IsInSubmodule"}
[2020-03-16 22:54:27.994] [exthost] [error] {"message":"Git error","stdout":"","stderr":"fatal: Pathspec '/home/uidd2020/user/purmonth/Web-tutorial/unit/js' is in submodule 'Web-tutorial'\n","exitCode":128,"gitErrorCode":"IsInSubmodule"}
[2020-03-16 22:54:27.994] [exthost] [error] {"message":"Git error","stdout":"","stderr":"fatal: Pathspec '/home/uidd2020/user/purmonth/Web-tutorial/unit/js' is in submodule 'Web-tutorial'\n","exitCode":128,"gitErrorCode":"IsInSubmodule"}
[2020-03-16 22:54:27.994] [exthost] [error] {"message":"Git error","stdout":"","stderr":"fatal: Pathspec '/home/uidd2020/user/purmonth/Web-tutorial/unit/js' is in submodule 'Web-tutorial'\n","exitCode":128,"gitErrorCode":"IsInSubmodule"}
[2020-03-16 22:54:27.994] [exthost] [error] {"message":"Git error","stdout":"","stderr":"fatal: Pathspec '/home/uidd2020/user/purmonth/Web-tutorial/unit/js' is in submodule 'Web-tutorial'\n","exitCode":128,"gitErrorCode":"IsInSubmodule"}
[2020-03-16 22:54:27.994] [exthost] [error] {"message":"Git error","stdout":"","stderr":"fatal: Pathspec '/home/uidd2020/user/purmonth/Web-tutorial/unit/js' is in submodule 'Web-tutorial'\n","exitCode":128,"gitErrorCode":"IsInSubmodule"}
[2020-03-16 22:54:27.994] [exthost] [error] {"message":"Git error","stdout":"","stderr":"fatal: Pathspec '/home/uidd2020/user/purmonth/Web-tutorial/unit/js' is in submodule 'Web-tutorial'\n","exitCode":128,"gitErrorCode":"IsInSubmodule"}
[2020-03-16 22:54:27.994] [exthost] [error] {"message":"Git error","stdout":"","stderr":"fatal: Pathspec '/home/uidd2020/user/purmonth/Web-tutorial/unit/js' is in submodule 'Web-tutorial'\n","exitCode":128,"gitErrorCode":"IsInSubmodule"}
[2020-03-16 22:54:27.994] [exthost] [error] {"message":"Git error","stdout":"","stderr":"fatal: Pathspec '/home/uidd2020/user/purmonth/Web-tutorial/unit/js' is in submodule 'Web-tutorial'\n","exitCode":128,"gitErrorCode":"IsInSubmodule"}
[2020-03-16 22:54:27.994] [exthost] [error] {"message":"Git error","stdout":"","stderr":"fatal: Pathspec '/home/uidd2020/user/purmonth/Web-tutorial/unit/js' is in submodule 'Web-tutorial'\n","exitCode":128,"gitErrorCode":"IsInSubmodule"}
[2020-03-16 22:54:27.994] [exthost] [error] {"message":"Git error","stdout":"","stderr":"fatal: Pathspec '/home/uidd2020/user/purmonth/Web-tutorial/unit/js' is in submodule 'Web-tutorial'\n","exitCode":128,"gitErrorCode":"IsInSubmodule"}
[2020-03-16 22:54:27.994] [exthost] [error] {"message":"Git error","stdout":"","stderr":"fatal: Pathspec '/home/uidd2020/user/purmonth/Web-tutorial/unit/js' is in submodule 'Web-tutorial'\n","exitCode":128,"gitErrorCode":"IsInSubmodule"}
[2020-03-16 22:54:27.994] [exthost] [error] {"message":"Git error","stdout":"","stderr":"fatal: Pathspec '/home/uidd2020/user/purmonth/Web-tutorial/unit/js' is in submodule 'Web-tutorial'\n","exitCode":128,"gitErrorCode":"IsInSubmodule"}
[2020-03-16 22:54:27.994] [exthost] [error] {"message":"Git error","stdout":"","stderr":"fatal: Pathspec '/home/uidd2020/user/purmonth/Web-tutorial/unit/js' is in submodule 'Web-tutorial'\n","exitCode":128,"gitErrorCode":"IsInSubmodule"}
[2020-03-16 22:54:27.994] [exthost] [error] {"message":"Git error","stdout":"","stderr":"fatal: Pathspec '/home/uidd2020/user/purmonth/Web-tutorial/unit/js' is in submodule 'Web-tutorial'\n","exitCode":128,"gitErrorCode":"IsInSubmodule"}
[2020-03-16 22:54:27.994] [exthost] [error] {"message":"Git error","stdout":"","stderr":"fatal: Pathspec '/home/uidd2020/user/purmonth/Web-tutorial/unit/js' is in submodule 'Web-tutorial'\n","exitCode":128,"gitErrorCode":"IsInSubmodule"}
[2020-03-16 22:54:27.994] [exthost] [error] {"message":"Git error","stdout":"","stderr":"fatal: Pathspec '/home/uidd2020/user/purmonth/Web-tutorial/unit/js' is in submodule 'Web-tutorial'\n","exitCode":128,"gitErrorCode":"IsInSubmodule"}
[2020-03-16 22:54:27.994] [exthost] [error] {"message":"Git error","stdout":"","stderr":"fatal: Pathspec '/home/uidd2020/user/purmonth/Web-tutorial/unit/js' is in submodule 'Web-tutorial'\n","exitCode":128,"gitErrorCode":"IsInSubmodule"}
[2020-03-16 22:54:27.994] [exthost] [error] {"message":"Git error","stdout":"","stderr":"fatal: Pathspec '/home/uidd2020/user/purmonth/Web-tutorial/unit/js' is in submodule 'Web-tutorial'\n","exitCode":128,"gitErrorCode":"IsInSubmodule"}
[2020-03-16 22:54:27.994] [exthost] [error] {"message":"Git error","stdout":"","stderr":"fatal: Pathspec '/home/uidd2020/user/purmonth/Web-tutorial/unit/js' is in submodule 'Web-tutorial'\n","exitCode":128,"gitErrorCode":"IsInSubmodule"}
[2020-03-16 22:54:27.994] [exthost] [error] {"message":"Git error","stdout":"","stderr":"fatal: Pathspec '/home/uidd2020/user/purmonth/Web-tutorial/unit/js' is in submodule 'Web-tutorial'\n","exitCode":128,"gitErrorCode":"IsInSubmodule"}
[2020-03-16 22:54:27.994] [exthost] [error] {"message":"Git error","stdout":"","stderr":"fatal: Pathspec '/home/uidd2020/user/purmonth/Web-tutorial/unit/js' is in submodule 'Web-tutorial'\n","exitCode":128,"gitErrorCode":"IsInSubmodule"}
