[2020-04-16 15:58:05.683] [exthost] [info] extension host started
[2020-04-16 15:58:05.830] [exthost] [info] ExtensionService#_doActivateExtension syler.sass-indented {"startup":false,"extensionId":{"value":"syler.sass-indented","_lower":"syler.sass-indented"},"activationEvent":"onLanguage:sass"}
[2020-04-16 15:58:05.831] [exthost] [info] ExtensionService#loadCommonJSModule file:///home/uidd2020/user/purmonth/.vscode-server/extensions/syler.sass-indented-1.8.2/dist/extension
[2020-04-16 15:58:05.872] [exthost] [info] ExtensionService#_doActivateExtension vscode.debug-auto-launch {"startup":true,"extensionId":{"value":"vscode.debug-auto-launch","_lower":"vscode.debug-auto-launch"},"activationEvent":"*"}
[2020-04-16 15:58:05.872] [exthost] [info] ExtensionService#loadCommonJSModule file:///home/uidd2020/user/purmonth/.vscode-server/bin/2aae1f26c72891c399f860409176fe435a154b13/extensions/debug-auto-launch/dist/extension
[2020-04-16 15:58:05.963] [exthost] [info] ExtensionService#_doActivateExtension vscode.emmet {"startup":true,"extensionId":{"value":"vscode.emmet","_lower":"vscode.emmet"},"activationEvent":"*"}
[2020-04-16 15:58:05.963] [exthost] [info] ExtensionService#loadCommonJSModule file:///home/uidd2020/user/purmonth/.vscode-server/bin/2aae1f26c72891c399f860409176fe435a154b13/extensions/emmet/dist/extension
[2020-04-16 15:58:06.016] [exthost] [info] ExtensionService#_doActivateExtension vscode.git {"startup":true,"extensionId":{"value":"vscode.git","_lower":"vscode.git"},"activationEvent":"*"}
[2020-04-16 15:58:06.016] [exthost] [info] ExtensionService#loadCommonJSModule file:///home/uidd2020/user/purmonth/.vscode-server/bin/2aae1f26c72891c399f860409176fe435a154b13/extensions/git/dist/main
[2020-04-16 15:58:06.133] [exthost] [info] ExtensionService#_doActivateExtension vscode.github-authentication {"startup":true,"extensionId":{"value":"vscode.github-authentication","_lower":"vscode.github-authentication"},"activationEvent":"*"}
[2020-04-16 15:58:06.133] [exthost] [info] ExtensionService#loadCommonJSModule file:///home/uidd2020/user/purmonth/.vscode-server/bin/2aae1f26c72891c399f860409176fe435a154b13/extensions/github-authentication/dist/extension.js
[2020-04-16 15:58:06.142] [exthost] [info] ExtensionService#_doActivateExtension vscode.merge-conflict {"startup":true,"extensionId":{"value":"vscode.merge-conflict","_lower":"vscode.merge-conflict"},"activationEvent":"*"}
[2020-04-16 15:58:06.142] [exthost] [info] ExtensionService#loadCommonJSModule file:///home/uidd2020/user/purmonth/.vscode-server/bin/2aae1f26c72891c399f860409176fe435a154b13/extensions/merge-conflict/dist/extension
[2020-04-16 15:58:06.147] [exthost] [info] ExtensionService#_doActivateExtension vscode.search-result {"startup":true,"extensionId":{"value":"vscode.search-result","_lower":"vscode.search-result"},"activationEvent":"*"}
[2020-04-16 15:58:06.147] [exthost] [info] ExtensionService#loadCommonJSModule file:///home/uidd2020/user/purmonth/.vscode-server/bin/2aae1f26c72891c399f860409176fe435a154b13/extensions/search-result/dist/extension.js
[2020-04-16 15:58:06.149] [exthost] [info] ExtensionService#_doActivateExtension vscode.vscode-account {"startup":true,"extensionId":{"value":"vscode.vscode-account","_lower":"vscode.vscode-account"},"activationEvent":"*"}
[2020-04-16 15:58:06.149] [exthost] [info] ExtensionService#loadCommonJSModule file:///home/uidd2020/user/purmonth/.vscode-server/bin/2aae1f26c72891c399f860409176fe435a154b13/extensions/vscode-account/dist/extension.js
[2020-04-16 15:58:06.177] [exthost] [info] eager extensions activated
[2020-04-16 15:58:09.643] [exthost] [info] ExtensionService#_doActivateExtension vscode.css-language-features {"startup":false,"extensionId":{"value":"vscode.css-language-features","_lower":"vscode.css-language-features"},"activationEvent":"onLanguage:css"}
[2020-04-16 15:58:09.643] [exthost] [info] ExtensionService#loadCommonJSModule file:///home/uidd2020/user/purmonth/.vscode-server/bin/2aae1f26c72891c399f860409176fe435a154b13/extensions/css-language-features/client/dist/cssMain
[2020-04-16 15:58:10.498] [exthost] [info] ExtensionService#_doActivateExtension vscode.extension-editing {"startup":false,"extensionId":{"value":"vscode.extension-editing","_lower":"vscode.extension-editing"},"activationEvent":"onLanguage:typescript"}
[2020-04-16 15:58:10.498] [exthost] [info] ExtensionService#loadCommonJSModule file:///home/uidd2020/user/purmonth/.vscode-server/bin/2aae1f26c72891c399f860409176fe435a154b13/extensions/extension-editing/dist/extension
[2020-04-16 15:58:10.512] [exthost] [info] ExtensionService#_doActivateExtension vscode.typescript-language-features {"startup":false,"extensionId":{"value":"vscode.typescript-language-features","_lower":"vscode.typescript-language-features"},"activationEvent":"onLanguage:typescript"}
[2020-04-16 15:58:10.512] [exthost] [info] ExtensionService#loadCommonJSModule file:///home/uidd2020/user/purmonth/.vscode-server/bin/2aae1f26c72891c399f860409176fe435a154b13/extensions/typescript-language-features/dist/extension
