Looking for git in: git
Using git 2.25.0 from git
> git rev-parse --show-toplevel
> git rev-parse --git-dir
Open repository: /home/uidd2020/user/purmonth
> git status -z -u
> git symbolic-ref --short HEAD
> git rev-parse master
> git rev-parse --symbolic-full-name master@{u}
> git rev-list --left-right master...refs/remotes/origin/master
> git for-each-ref --format %(refname) %(objectname) --sort -committerdate
> git remote --verbose
> git config --get commit.template
> git check-ignore -v -z --stdin
> git status -z -u
> git symbolic-ref --short HEAD
> git rev-parse master
> git rev-parse --symbolic-full-name master@{u}
> git rev-list --left-right master...refs/remotes/origin/master
> git for-each-ref --format %(refname) %(objectname) --sort -committerdate
> git remote --verbose
> git config --get commit.template
> git status -z -u
> git symbolic-ref --short HEAD
> git rev-parse master
> git rev-parse --symbolic-full-name master@{u}
> git rev-list --left-right master...refs/remotes/origin/master
> git for-each-ref --format %(refname) %(objectname) --sort -committerdate
> git remote --verbose
> git config --get commit.template
> git check-ignore -v -z --stdin
> git show :public_html/FinalProject/Login.html
> git ls-files --stage -- /home/uidd2020/user/purmonth/public_html/FinalProject/Login.html
> git cat-file -s 89e66ed1a4b2d5b5ea9b34dc990b1aecb6dcda8c
> git status -z -u
> git symbolic-ref --short HEAD
> git rev-parse master
> git rev-parse --symbolic-full-name master@{u}
> git rev-list --left-right master...refs/remotes/origin/master
> git for-each-ref --format %(refname) %(objectname) --sort -committerdate
> git remote --verbose
> git config --get commit.template
> git check-ignore -v -z --stdin
> git check-ignore -v -z --stdin
> git check-ignore -v -z --stdin
> git check-ignore -v -z --stdin
> git check-ignore -v -z --stdin
> git status -z -u
> git symbolic-ref --short HEAD
> git rev-parse master
> git rev-parse --symbolic-full-name master@{u}
> git rev-list --left-right master...refs/remotes/origin/master
> git for-each-ref --format %(refname) %(objectname) --sort -committerdate
> git remote --verbose
> git config --get commit.template
> git status -z -u
> git symbolic-ref --short HEAD
> git rev-parse master
> git rev-parse --symbolic-full-name master@{u}
> git rev-list --left-right master...refs/remotes/origin/master
> git for-each-ref --format %(refname) %(objectname) --sort -committerdate
> git remote --verbose
> git config --get commit.template
> git status -z -u
> git symbolic-ref --short HEAD
> git rev-parse master
> git rev-parse --symbolic-full-name master@{u}
> git rev-list --left-right master...refs/remotes/origin/master
> git for-each-ref --format %(refname) %(objectname) --sort -committerdate
> git remote --verbose
> git config --get commit.template
> git show :public_html/FinalProject/Login.js
> git ls-files --stage -- /home/uidd2020/user/purmonth/public_html/FinalProject/Login.js
> git check-ignore -v -z --stdin
> git status -z -u
> git symbolic-ref --short HEAD
> git rev-parse master
> git rev-parse --symbolic-full-name master@{u}
> git rev-list --left-right master...refs/remotes/origin/master
> git for-each-ref --format %(refname) %(objectname) --sort -committerdate
> git remote --verbose
> git config --get commit.template
> git status -z -u
> git symbolic-ref --short HEAD
> git rev-parse master
> git rev-parse --symbolic-full-name master@{u}
> git rev-list --left-right master...refs/remotes/origin/master
> git for-each-ref --format %(refname) %(objectname) --sort -committerdate
> git remote --verbose
> git config --get commit.template
> git status -z -u
> git check-ignore -v -z --stdin
> git symbolic-ref --short HEAD
> git rev-parse master
> git rev-parse --symbolic-full-name master@{u}
> git rev-list --left-right master...refs/remotes/origin/master
> git for-each-ref --format %(refname) %(objectname) --sort -committerdate
> git remote --verbose
> git config --get commit.template
> git status -z -u
> git check-ignore -v -z --stdin
> git symbolic-ref --short HEAD
> git rev-parse master
> git rev-parse --symbolic-full-name master@{u}
> git rev-list --left-right master...refs/remotes/origin/master
> git for-each-ref --format %(refname) %(objectname) --sort -committerdate
> git remote --verbose
> git config --get commit.template
> git show :public_html/FinalProject/package.json
> git ls-files --stage -- /home/uidd2020/user/purmonth/public_html/FinalProject/package.json
> git show :public_html/FinalProject/yarn.lock
> git ls-files --stage -- /home/uidd2020/user/purmonth/public_html/FinalProject/yarn.lock
> git show :public_html/FinalProject/Login.js
> git ls-files --stage -- /home/uidd2020/user/purmonth/public_html/FinalProject/Login.js
> git show :public_html/FinalProject/Login.html
> git ls-files --stage -- /home/uidd2020/user/purmonth/public_html/FinalProject/Login.html
> git cat-file -s 89e66ed1a4b2d5b5ea9b34dc990b1aecb6dcda8c
> git show :public_html/FinalProject/src
> git ls-files --stage -- /home/uidd2020/user/purmonth/public_html/FinalProject/src
> git check-ignore -v -z --stdin
> git status -z -u
> git symbolic-ref --short HEAD
> git rev-parse master
> git rev-parse --symbolic-full-name master@{u}
> git rev-list --left-right master...refs/remotes/origin/master
> git for-each-ref --format %(refname) %(objectname) --sort -committerdate
> git remote --verbose
> git config --get commit.template
> git show :public_html/FinalProject/Login.js
> git ls-files --stage -- /home/uidd2020/user/purmonth/public_html/FinalProject/Login.js
> git show :public_html/FinalProject/Login.css
> git ls-files --stage -- /home/uidd2020/user/purmonth/public_html/FinalProject/Login.css
> git cat-file -s 4a6bd674d17ca05e640d5e5f021f411ec1c0e50f
> git show :public_html/FinalProject/src
> git ls-files --stage -- /home/uidd2020/user/purmonth/public_html/FinalProject/src
> git show :public_html/FinalProject/Login.css
> git ls-files --stage -- /home/uidd2020/user/purmonth/public_html/FinalProject/Login.css
> git cat-file -s 4a6bd674d17ca05e640d5e5f021f411ec1c0e50f
> git status -z -u
> git symbolic-ref --short HEAD
> git rev-parse master
> git rev-parse --symbolic-full-name master@{u}
> git rev-list --left-right master...refs/remotes/origin/master
> git for-each-ref --format %(refname) %(objectname) --sort -committerdate
> git remote --verbose
> git config --get commit.template
> git status -z -u
> git symbolic-ref --short HEAD
> git rev-parse master
> git rev-parse --symbolic-full-name master@{u}
> git rev-list --left-right master...refs/remotes/origin/master
> git for-each-ref --format %(refname) %(objectname) --sort -committerdate
> git remote --verbose
> git config --get commit.template
> git show :public_html/FinalProject/About.css
> git ls-files --stage -- /home/uidd2020/user/purmonth/public_html/FinalProject/About.css
> git cat-file -s 04bac0fc8391cb31a5553fc4e5462b7de39e58e8
> git show :public_html/FinalProject/src/About.css
> git ls-files --stage -- /home/uidd2020/user/purmonth/public_html/FinalProject/src/About.css
> git check-ignore -v -z --stdin
> git status -z -u
> git symbolic-ref --short HEAD
> git rev-parse master
> git rev-parse --symbolic-full-name master@{u}
> git rev-list --left-right master...refs/remotes/origin/master
> git for-each-ref --format %(refname) %(objectname) --sort -committerdate
> git remote --verbose
> git config --get commit.template
> git status -z -u
> git symbolic-ref --short HEAD
> git rev-parse master
> git rev-parse --symbolic-full-name master@{u}
> git rev-list --left-right master...refs/remotes/origin/master
> git for-each-ref --format %(refname) %(objectname) --sort -committerdate
> git remote --verbose
> git config --get commit.template
> git check-ignore -v -z --stdin
> git status -z -u
> git symbolic-ref --short HEAD
> git rev-parse master
> git rev-parse --symbolic-full-name master@{u}
> git rev-list --left-right master...refs/remotes/origin/master
> git for-each-ref --format %(refname) %(objectname) --sort -committerdate
> git remote --verbose
> git config --get commit.template
> git status -z -u
> git check-ignore -v -z --stdin
> git symbolic-ref --short HEAD
> git rev-parse master
> git rev-parse --symbolic-full-name master@{u}
> git rev-list --left-right master...refs/remotes/origin/master
> git for-each-ref --format %(refname) %(objectname) --sort -committerdate
> git remote --verbose
> git config --get commit.template
> git show :public_html/FinalProject/ser.js
> git ls-files --stage -- /home/uidd2020/user/purmonth/public_html/FinalProject/ser.js
> git show :public_html/FinalProject/package.json
> git ls-files --stage -- /home/uidd2020/user/purmonth/public_html/FinalProject/package.json
> git show :public_html/http/package.json
> git ls-files --stage -- /home/uidd2020/user/purmonth/public_html/http/package.json
> git cat-file -s 92b06cadb1f21058c61b0c4ada44681ea828274c
> git show :public_html/http/package-lock.json
> git ls-files --stage -- /home/uidd2020/user/purmonth/public_html/http/package-lock.json
> git cat-file -s c384a077e015ecf90249b7fc2e77626324171af4
> git show :public_html/http/package.json
> git ls-files --stage -- /home/uidd2020/user/purmonth/public_html/http/package.json
> git cat-file -s 92b06cadb1f21058c61b0c4ada44681ea828274c
> git show :public_html/http/ser.js
> git ls-files --stage -- /home/uidd2020/user/purmonth/public_html/http/ser.js
> git cat-file -s f0b655ced4ea40b26262def0bdbaded9e94901a5
> git show :public_html/FinalProject/ser.js
> git ls-files --stage -- /home/uidd2020/user/purmonth/public_html/FinalProject/ser.js
> git show :public_html/FinalProject/src/Login.html
> git ls-files --stage -- /home/uidd2020/user/purmonth/public_html/FinalProject/src/Login.html
> git show :public_html/FinalProject/ser.js
> git ls-files --stage -- /home/uidd2020/user/purmonth/public_html/FinalProject/ser.js
> git show :public_html/FinalProject/src/Login.js
> git ls-files --stage -- /home/uidd2020/user/purmonth/public_html/FinalProject/src/Login.js
> git show :public_html/FinalProject/src/Login.html
> git ls-files --stage -- /home/uidd2020/user/purmonth/public_html/FinalProject/src/Login.html
> git status -z -u
> git symbolic-ref --short HEAD
> git rev-parse master
> git rev-parse --symbolic-full-name master@{u}
> git rev-list --left-right master...refs/remotes/origin/master
> git for-each-ref --format %(refname) %(objectname) --sort -committerdate
> git remote --verbose
> git config --get commit.template
> git status -z -u
> git symbolic-ref --short HEAD
> git rev-parse master
> git rev-parse --symbolic-full-name master@{u}
> git rev-list --left-right master...refs/remotes/origin/master
> git for-each-ref --format %(refname) %(objectname) --sort -committerdate
> git remote --verbose
> git config --get commit.template
> git status -z -u
> git symbolic-ref --short HEAD
> git rev-parse master
> git rev-parse --symbolic-full-name master@{u}
> git rev-list --left-right master...refs/remotes/origin/master
> git for-each-ref --format %(refname) %(objectname) --sort -committerdate
> git remote --verbose
> git config --get commit.template
> git show :public_html/FinalProject/src/Login.js
> git ls-files --stage -- /home/uidd2020/user/purmonth/public_html/FinalProject/src/Login.js
> git status -z -u
> git symbolic-ref --short HEAD
> git rev-parse master
> git rev-parse --symbolic-full-name master@{u}
> git rev-list --left-right master...refs/remotes/origin/master
> git for-each-ref --format %(refname) %(objectname) --sort -committerdate
> git remote --verbose
> git config --get commit.template
> git status -z -u
> git symbolic-ref --short HEAD
> git rev-parse master
> git rev-parse --symbolic-full-name master@{u}
> git rev-list --left-right master...refs/remotes/origin/master
> git for-each-ref --format %(refname) %(objectname) --sort -committerdate
> git remote --verbose
> git config --get commit.template
> git show :public_html/FinalProject/src/Login.html
> git ls-files --stage -- /home/uidd2020/user/purmonth/public_html/FinalProject/src/Login.html
> git show :public_html/FinalProject/src/Login.js
> git ls-files --stage -- /home/uidd2020/user/purmonth/public_html/FinalProject/src/Login.js
> git status -z -u
> git symbolic-ref --short HEAD
> git rev-parse master
> git rev-parse --symbolic-full-name master@{u}
> git rev-list --left-right master...refs/remotes/origin/master
> git for-each-ref --format %(refname) %(objectname) --sort -committerdate
> git remote --verbose
> git config --get commit.template
> git show :public_html/FinalProject/src/Login.html
> git ls-files --stage -- /home/uidd2020/user/purmonth/public_html/FinalProject/src/Login.html
> git status -z -u
> git symbolic-ref --short HEAD
> git rev-parse master
> git rev-parse --symbolic-full-name master@{u}
> git rev-list --left-right master...refs/remotes/origin/master
> git for-each-ref --format %(refname) %(objectname) --sort -committerdate
> git remote --verbose
> git config --get commit.template
> git show :public_html/FinalProject/ser.js
> git ls-files --stage -- /home/uidd2020/user/purmonth/public_html/FinalProject/ser.js
> git show :public_html/FinalProject/src/Login.js
> git ls-files --stage -- /home/uidd2020/user/purmonth/public_html/FinalProject/src/Login.js
> git show :public_html/FinalProject/src/Login.html
> git ls-files --stage -- /home/uidd2020/user/purmonth/public_html/FinalProject/src/Login.html
> git show :public_html/FinalProject/ser.js
> git ls-files --stage -- /home/uidd2020/user/purmonth/public_html/FinalProject/ser.js
> git show :public_html/FinalProject/src/Login.js
> git ls-files --stage -- /home/uidd2020/user/purmonth/public_html/FinalProject/src/Login.js
> git status -z -u
> git symbolic-ref --short HEAD
> git rev-parse master
> git rev-parse --symbolic-full-name master@{u}
> git rev-list --left-right master...refs/remotes/origin/master
> git for-each-ref --format %(refname) %(objectname) --sort -committerdate
> git remote --verbose
> git config --get commit.template
> git show :public_html/FinalProject/src/Login.html
> git ls-files --stage -- /home/uidd2020/user/purmonth/public_html/FinalProject/src/Login.html
> git show :public_html/FinalProject/src/Login.js
> git ls-files --stage -- /home/uidd2020/user/purmonth/public_html/FinalProject/src/Login.js
> git show :public_html/FinalProject/src/User.html
> git ls-files --stage -- /home/uidd2020/user/purmonth/public_html/FinalProject/src/User.html
> git check-ignore -v -z --stdin
> git status -z -u
> git symbolic-ref --short HEAD
> git rev-parse master
> git rev-parse --symbolic-full-name master@{u}
> git rev-list --left-right master...refs/remotes/origin/master
> git for-each-ref --format %(refname) %(objectname) --sort -committerdate
> git remote --verbose
> git config --get commit.template
> git status -z -u
> git symbolic-ref --short HEAD
> git rev-parse master
> git rev-parse --symbolic-full-name master@{u}
> git rev-list --left-right master...refs/remotes/origin/master
> git for-each-ref --format %(refname) %(objectname) --sort -committerdate
> git remote --verbose
> git config --get commit.template
> git status -z -u
> git symbolic-ref --short HEAD
> git rev-parse master
> git rev-parse --symbolic-full-name master@{u}
> git rev-list --left-right master...refs/remotes/origin/master
> git for-each-ref --format %(refname) %(objectname) --sort -committerdate
> git remote --verbose
> git config --get commit.template
> git show :public_html/FinalProject/ser.js
> git ls-files --stage -- /home/uidd2020/user/purmonth/public_html/FinalProject/ser.js
> git show :public_html/FinalProject/src/Login.js
> git ls-files --stage -- /home/uidd2020/user/purmonth/public_html/FinalProject/src/Login.js
> git status -z -u
> git symbolic-ref --short HEAD
> git rev-parse master
> git rev-parse --symbolic-full-name master@{u}
> git rev-list --left-right master...refs/remotes/origin/master
> git for-each-ref --format %(refname) %(objectname) --sort -committerdate
> git remote --verbose
> git config --get commit.template
> git show :public_html/FinalProject/src/Login.html
> git ls-files --stage -- /home/uidd2020/user/purmonth/public_html/FinalProject/src/Login.html
> git status -z -u
> git symbolic-ref --short HEAD
> git rev-parse master
> git rev-parse --symbolic-full-name master@{u}
> git rev-list --left-right master...refs/remotes/origin/master
> git for-each-ref --format %(refname) %(objectname) --sort -committerdate
> git remote --verbose
> git config --get commit.template
> git show :public_html/FinalProject/src/User.html
> git ls-files --stage -- /home/uidd2020/user/purmonth/public_html/FinalProject/src/User.html
> git show :public_html/FinalProject/src/Login.js
> git ls-files --stage -- /home/uidd2020/user/purmonth/public_html/FinalProject/src/Login.js
> git show :public_html/FinalProject/ser.js
> git ls-files --stage -- /home/uidd2020/user/purmonth/public_html/FinalProject/ser.js
> git show :public_html/FinalProject/src/User.html
> git ls-files --stage -- /home/uidd2020/user/purmonth/public_html/FinalProject/src/User.html
> git show :public_html/FinalProject/src/Login.js
> git ls-files --stage -- /home/uidd2020/user/purmonth/public_html/FinalProject/src/Login.js
> git show :public_html/FinalProject/src/Login.html
> git ls-files --stage -- /home/uidd2020/user/purmonth/public_html/FinalProject/src/Login.html
> git show :public_html/FinalProject/src/Login.js
> git ls-files --stage -- /home/uidd2020/user/purmonth/public_html/FinalProject/src/Login.js
> git status -z -u
> git symbolic-ref --short HEAD
> git rev-parse master
> git rev-parse --symbolic-full-name master@{u}
> git rev-list --left-right master...refs/remotes/origin/master
> git for-each-ref --format %(refname) %(objectname) --sort -committerdate
> git remote --verbose
> git config --get commit.template
> git status -z -u
> git symbolic-ref --short HEAD
> git rev-parse master
> git rev-parse --symbolic-full-name master@{u}
> git rev-list --left-right master...refs/remotes/origin/master
> git for-each-ref --format %(refname) %(objectname) --sort -committerdate
> git remote --verbose
> git config --get commit.template
> git status -z -u
> git symbolic-ref --short HEAD
> git rev-parse master
> git rev-parse --symbolic-full-name master@{u}
> git rev-list --left-right master...refs/remotes/origin/master
> git for-each-ref --format %(refname) %(objectname) --sort -committerdate
> git remote --verbose
> git config --get commit.template
> git status -z -u
> git symbolic-ref --short HEAD
> git rev-parse master
> git rev-parse --symbolic-full-name master@{u}
> git rev-list --left-right master...refs/remotes/origin/master
> git for-each-ref --format %(refname) %(objectname) --sort -committerdate
> git remote --verbose
> git config --get commit.template
> git show :public_html/FinalProject/src/Login.html
> git ls-files --stage -- /home/uidd2020/user/purmonth/public_html/FinalProject/src/Login.html
> git status -z -u
> git symbolic-ref --short HEAD
> git rev-parse master
> git rev-parse --symbolic-full-name master@{u}
> git rev-list --left-right master...refs/remotes/origin/master
> git for-each-ref --format %(refname) %(objectname) --sort -committerdate
> git remote --verbose
> git config --get commit.template
> git show :public_html/FinalProject/ser.js
> git ls-files --stage -- /home/uidd2020/user/purmonth/public_html/FinalProject/ser.js
> git show :public_html/FinalProject/src/User.html
> git ls-files --stage -- /home/uidd2020/user/purmonth/public_html/FinalProject/src/User.html
> git show :public_html/FinalProject/src/Login.js
> git ls-files --stage -- /home/uidd2020/user/purmonth/public_html/FinalProject/src/Login.js
> git status -z -u
> git symbolic-ref --short HEAD
> git rev-parse master
> git rev-parse --symbolic-full-name master@{u}
> git rev-list --left-right master...refs/remotes/origin/master
> git for-each-ref --format %(refname) %(objectname) --sort -committerdate
> git remote --verbose
> git config --get commit.template
> git show :public_html/FinalProject/src/User.html
> git ls-files --stage -- /home/uidd2020/user/purmonth/public_html/FinalProject/src/User.html
> git status -z -u
> git symbolic-ref --short HEAD
> git rev-parse master
> git rev-parse --symbolic-full-name master@{u}
> git rev-list --left-right master...refs/remotes/origin/master
> git for-each-ref --format %(refname) %(objectname) --sort -committerdate
> git remote --verbose
> git config --get commit.template
> git show :public_html/FinalProject/src/Login.js
> git ls-files --stage -- /home/uidd2020/user/purmonth/public_html/FinalProject/src/Login.js
> git show :public_html/FinalProject/src/User.html
> git ls-files --stage -- /home/uidd2020/user/purmonth/public_html/FinalProject/src/User.html
> git show :public_html/FinalProject/src/Login.js
> git ls-files --stage -- /home/uidd2020/user/purmonth/public_html/FinalProject/src/Login.js
> git status -z -u
> git symbolic-ref --short HEAD
> git rev-parse master
> git rev-parse --symbolic-full-name master@{u}
> git rev-list --left-right master...refs/remotes/origin/master
> git for-each-ref --format %(refname) %(objectname) --sort -committerdate
> git remote --verbose
> git config --get commit.template
> git status -z -u
> git symbolic-ref --short HEAD
> git rev-parse master
> git rev-parse --symbolic-full-name master@{u}
> git rev-list --left-right master...refs/remotes/origin/master
> git for-each-ref --format %(refname) %(objectname) --sort -committerdate
> git remote --verbose
> git config --get commit.template
> git show :public_html/FinalProject/src/User.html
> git ls-files --stage -- /home/uidd2020/user/purmonth/public_html/FinalProject/src/User.html
> git status -z -u
> git symbolic-ref --short HEAD
> git rev-parse master
> git rev-parse --symbolic-full-name master@{u}
> git rev-list --left-right master...refs/remotes/origin/master
> git for-each-ref --format %(refname) %(objectname) --sort -committerdate
> git remote --verbose
> git config --get commit.template
> git show :public_html/FinalProject/src/Login.js
> git ls-files --stage -- /home/uidd2020/user/purmonth/public_html/FinalProject/src/Login.js
> git show :public_html/FinalProject/src/User.html
> git ls-files --stage -- /home/uidd2020/user/purmonth/public_html/FinalProject/src/User.html
> git show :public_html/FinalProject/src/Login.html
> git ls-files --stage -- /home/uidd2020/user/purmonth/public_html/FinalProject/src/Login.html
> git show :public_html/FinalProject/src/User.html
> git ls-files --stage -- /home/uidd2020/user/purmonth/public_html/FinalProject/src/User.html
> git status -z -u
> git symbolic-ref --short HEAD
> git rev-parse master
> git rev-parse --symbolic-full-name master@{u}
> git rev-list --left-right master...refs/remotes/origin/master
> git for-each-ref --format %(refname) %(objectname) --sort -committerdate
> git remote --verbose
> git config --get commit.template
> git status -z -u
> git symbolic-ref --short HEAD
> git rev-parse master
> git rev-parse --symbolic-full-name master@{u}
> git rev-list --left-right master...refs/remotes/origin/master
> git for-each-ref --format %(refname) %(objectname) --sort -committerdate
> git remote --verbose
> git config --get commit.template
> git show :public_html/FinalProject/src/Login.html
> git ls-files --stage -- /home/uidd2020/user/purmonth/public_html/FinalProject/src/Login.html
> git status -z -u
> git symbolic-ref --short HEAD
> git rev-parse master
> git rev-parse --symbolic-full-name master@{u}
> git rev-list --left-right master...refs/remotes/origin/master
> git for-each-ref --format %(refname) %(objectname) --sort -committerdate
> git remote --verbose
> git config --get commit.template
> git status -z -u
> git symbolic-ref --short HEAD
> git rev-parse master
> git rev-parse --symbolic-full-name master@{u}
> git rev-list --left-right master...refs/remotes/origin/master
> git for-each-ref --format %(refname) %(objectname) --sort -committerdate
> git remote --verbose
> git config --get commit.template
> git show :public_html/FinalProject/ser.js
> git ls-files --stage -- /home/uidd2020/user/purmonth/public_html/FinalProject/ser.js
> git show :public_html/FinalProject/src/Login.js
> git ls-files --stage -- /home/uidd2020/user/purmonth/public_html/FinalProject/src/Login.js
> git show :public_html/FinalProject/src/User.html
> git ls-files --stage -- /home/uidd2020/user/purmonth/public_html/FinalProject/src/User.html
> git show :public_html/FinalProject/ser.js
> git ls-files --stage -- /home/uidd2020/user/purmonth/public_html/FinalProject/ser.js
> git show :public_html/FinalProject/src/User.html
> git ls-files --stage -- /home/uidd2020/user/purmonth/public_html/FinalProject/src/User.html
> git show :public_html/FinalProject/src/Login.js
> git ls-files --stage -- /home/uidd2020/user/purmonth/public_html/FinalProject/src/Login.js
> git status -z -u
> git symbolic-ref --short HEAD
> git rev-parse master
> git rev-parse --symbolic-full-name master@{u}
> git rev-list --left-right master...refs/remotes/origin/master
> git for-each-ref --format %(refname) %(objectname) --sort -committerdate
> git remote --verbose
> git config --get commit.template
> git status -z -u
> git symbolic-ref --short HEAD
> git rev-parse master
> git rev-parse --symbolic-full-name master@{u}
> git rev-list --left-right master...refs/remotes/origin/master
> git for-each-ref --format %(refname) %(objectname) --sort -committerdate
> git remote --verbose
> git config --get commit.template
> git show :public_html/FinalProject/src/User.html
> git ls-files --stage -- /home/uidd2020/user/purmonth/public_html/FinalProject/src/User.html
> git show :public_html/FinalProject/src/Login.js
> git ls-files --stage -- /home/uidd2020/user/purmonth/public_html/FinalProject/src/Login.js
> git show :public_html/FinalProject/src/User.html
> git ls-files --stage -- /home/uidd2020/user/purmonth/public_html/FinalProject/src/User.html
> git check-ignore -v -z --stdin
> git status -z -u
> git symbolic-ref --short HEAD
> git rev-parse master
> git rev-parse --symbolic-full-name master@{u}
> git rev-list --left-right master...refs/remotes/origin/master
> git for-each-ref --format %(refname) %(objectname) --sort -committerdate
> git remote --verbose
> git config --get commit.template
> git status -z -u
> git symbolic-ref --short HEAD
> git rev-parse master
> git rev-parse --symbolic-full-name master@{u}
> git rev-list --left-right master...refs/remotes/origin/master
> git for-each-ref --format %(refname) %(objectname) --sort -committerdate
> git remote --verbose
> git config --get commit.template
> git status -z -u
> git symbolic-ref --short HEAD
> git rev-parse master
> git rev-parse --symbolic-full-name master@{u}
> git rev-list --left-right master...refs/remotes/origin/master
> git for-each-ref --format %(refname) %(objectname) --sort -committerdate
> git remote --verbose
> git config --get commit.template
> git status -z -u
> git symbolic-ref --short HEAD
> git rev-parse master
> git rev-parse --symbolic-full-name master@{u}
> git rev-list --left-right master...refs/remotes/origin/master
> git for-each-ref --format %(refname) %(objectname) --sort -committerdate
> git remote --verbose
> git config --get commit.template
> git show :public_html/FinalProject/src/Login.html
> git ls-files --stage -- /home/uidd2020/user/purmonth/public_html/FinalProject/src/Login.html
> git show :public_html/FinalProject/src/Login.js
> git ls-files --stage -- /home/uidd2020/user/purmonth/public_html/FinalProject/src/Login.js
> git show :public_html/FinalProject/src/User.html
> git ls-files --stage -- /home/uidd2020/user/purmonth/public_html/FinalProject/src/User.html
> git show :public_html/FinalProject/src/Login.html
> git ls-files --stage -- /home/uidd2020/user/purmonth/public_html/FinalProject/src/Login.html
> git show :public_html/FinalProject/src/User.html
> git ls-files --stage -- /home/uidd2020/user/purmonth/public_html/FinalProject/src/User.html
> git status -z -u
> git symbolic-ref --short HEAD
> git rev-parse master
> git rev-parse --symbolic-full-name master@{u}
> git rev-list --left-right master...refs/remotes/origin/master
> git for-each-ref --format %(refname) %(objectname) --sort -committerdate
> git remote --verbose
> git config --get commit.template
> git status -z -u
> git symbolic-ref --short HEAD
> git rev-parse master
> git rev-parse --symbolic-full-name master@{u}
> git rev-list --left-right master...refs/remotes/origin/master
> git for-each-ref --format %(refname) %(objectname) --sort -committerdate
> git remote --verbose
> git config --get commit.template
> git show :public_html/FinalProject/src/Login.js
> git ls-files --stage -- /home/uidd2020/user/purmonth/public_html/FinalProject/src/Login.js
> git show :public_html/FinalProject/src/User.html
> git ls-files --stage -- /home/uidd2020/user/purmonth/public_html/FinalProject/src/User.html
> git show :public_html/FinalProject/src/Login.js
> git ls-files --stage -- /home/uidd2020/user/purmonth/public_html/FinalProject/src/Login.js
> git show :public_html/FinalProject/src/User.html
> git ls-files --stage -- /home/uidd2020/user/purmonth/public_html/FinalProject/src/User.html
> git show :public_html/FinalProject/src/Login.html
> git ls-files --stage -- /home/uidd2020/user/purmonth/public_html/FinalProject/src/Login.html
> git show :public_html/FinalProject/src/Login.js
> git ls-files --stage -- /home/uidd2020/user/purmonth/public_html/FinalProject/src/Login.js
> git status -z -u
> git symbolic-ref --short HEAD
> git rev-parse master
> git rev-parse --symbolic-full-name master@{u}
> git rev-list --left-right master...refs/remotes/origin/master
> git for-each-ref --format %(refname) %(objectname) --sort -committerdate
> git remote --verbose
> git config --get commit.template
> git status -z -u
> git symbolic-ref --short HEAD
> git rev-parse master
> git rev-parse --symbolic-full-name master@{u}
> git rev-list --left-right master...refs/remotes/origin/master
> git for-each-ref --format %(refname) %(objectname) --sort -committerdate
> git remote --verbose
> git config --get commit.template
> git status -z -u
> git symbolic-ref --short HEAD
> git rev-parse master
> git rev-parse --symbolic-full-name master@{u}
> git rev-list --left-right master...refs/remotes/origin/master
> git for-each-ref --format %(refname) %(objectname) --sort -committerdate
> git remote --verbose
> git config --get commit.template
> git status -z -u
> git symbolic-ref --short HEAD
> git rev-parse master
> git rev-parse --symbolic-full-name master@{u}
> git rev-list --left-right master...refs/remotes/origin/master
> git for-each-ref --format %(refname) %(objectname) --sort -committerdate
> git remote --verbose
> git config --get commit.template
> git status -z -u
> git symbolic-ref --short HEAD
> git rev-parse master
> git rev-parse --symbolic-full-name master@{u}
> git rev-list --left-right master...refs/remotes/origin/master
> git for-each-ref --format %(refname) %(objectname) --sort -committerdate
> git remote --verbose
> git config --get commit.template
> git status -z -u
> git symbolic-ref --short HEAD
> git rev-parse master
> git rev-parse --symbolic-full-name master@{u}
> git rev-list --left-right master...refs/remotes/origin/master
> git for-each-ref --format %(refname) %(objectname) --sort -committerdate
> git remote --verbose
> git config --get commit.template
> git status -z -u
> git symbolic-ref --short HEAD
> git rev-parse master
> git rev-parse --symbolic-full-name master@{u}
> git rev-list --left-right master...refs/remotes/origin/master
> git for-each-ref --format %(refname) %(objectname) --sort -committerdate
> git remote --verbose
> git config --get commit.template
> git status -z -u
> git symbolic-ref --short HEAD
> git rev-parse master
> git rev-parse --symbolic-full-name master@{u}
> git rev-list --left-right master...refs/remotes/origin/master
> git for-each-ref --format %(refname) %(objectname) --sort -committerdate
> git remote --verbose
> git config --get commit.template
> git status -z -u
> git symbolic-ref --short HEAD
> git rev-parse master
> git rev-parse --symbolic-full-name master@{u}
> git rev-list --left-right master...refs/remotes/origin/master
> git for-each-ref --format %(refname) %(objectname) --sort -committerdate
> git remote --verbose
> git config --get commit.template
> git status -z -u
> git symbolic-ref --short HEAD
> git rev-parse master
> git rev-parse --symbolic-full-name master@{u}
> git rev-list --left-right master...refs/remotes/origin/master
> git for-each-ref --format %(refname) %(objectname) --sort -committerdate
> git remote --verbose
> git config --get commit.template
> git status -z -u
> git symbolic-ref --short HEAD
> git rev-parse master
> git rev-parse --symbolic-full-name master@{u}
> git rev-list --left-right master...refs/remotes/origin/master
> git for-each-ref --format %(refname) %(objectname) --sort -committerdate
> git remote --verbose
> git config --get commit.template
> git status -z -u
> git symbolic-ref --short HEAD
> git rev-parse master
> git rev-parse --symbolic-full-name master@{u}
> git rev-list --left-right master...refs/remotes/origin/master
> git for-each-ref --format %(refname) %(objectname) --sort -committerdate
> git remote --verbose
> git config --get commit.template
> git status -z -u
> git symbolic-ref --short HEAD
> git rev-parse master
> git rev-parse --symbolic-full-name master@{u}
> git rev-list --left-right master...refs/remotes/origin/master
> git for-each-ref --format %(refname) %(objectname) --sort -committerdate
> git remote --verbose
> git config --get commit.template
> git status -z -u
> git symbolic-ref --short HEAD
> git rev-parse master
> git rev-parse --symbolic-full-name master@{u}
> git rev-list --left-right master...refs/remotes/origin/master
> git for-each-ref --format %(refname) %(objectname) --sort -committerdate
> git remote --verbose
> git config --get commit.template
> git status -z -u
> git symbolic-ref --short HEAD
> git rev-parse master
> git rev-parse --symbolic-full-name master@{u}
> git rev-list --left-right master...refs/remotes/origin/master
> git for-each-ref --format %(refname) %(objectname) --sort -committerdate
> git remote --verbose
> git config --get commit.template
> git status -z -u
> git symbolic-ref --short HEAD
> git rev-parse master
> git rev-parse --symbolic-full-name master@{u}
> git rev-list --left-right master...refs/remotes/origin/master
> git for-each-ref --format %(refname) %(objectname) --sort -committerdate
> git remote --verbose
> git config --get commit.template
> git status -z -u
> git symbolic-ref --short HEAD
> git rev-parse master
> git rev-parse --symbolic-full-name master@{u}
> git rev-list --left-right master...refs/remotes/origin/master
> git for-each-ref --format %(refname) %(objectname) --sort -committerdate
> git remote --verbose
> git config --get commit.template
> git status -z -u
> git symbolic-ref --short HEAD
> git rev-parse master
> git rev-parse --symbolic-full-name master@{u}
> git rev-list --left-right master...refs/remotes/origin/master
> git for-each-ref --format %(refname) %(objectname) --sort -committerdate
> git remote --verbose
> git config --get commit.template
> git status -z -u
> git symbolic-ref --short HEAD
> git rev-parse master
> git rev-parse --symbolic-full-name master@{u}
> git rev-list --left-right master...refs/remotes/origin/master
> git for-each-ref --format %(refname) %(objectname) --sort -committerdate
> git remote --verbose
> git config --get commit.template
> git status -z -u
> git symbolic-ref --short HEAD
> git rev-parse master
> git rev-parse --symbolic-full-name master@{u}
> git rev-list --left-right master...refs/remotes/origin/master
> git for-each-ref --format %(refname) %(objectname) --sort -committerdate
> git remote --verbose
> git config --get commit.template
> git status -z -u
> git symbolic-ref --short HEAD
> git rev-parse master
> git rev-parse --symbolic-full-name master@{u}
> git rev-list --left-right master...refs/remotes/origin/master
> git for-each-ref --format %(refname) %(objectname) --sort -committerdate
> git remote --verbose
> git config --get commit.template
> git status -z -u
> git symbolic-ref --short HEAD
> git rev-parse master
> git rev-parse --symbolic-full-name master@{u}
> git rev-list --left-right master...refs/remotes/origin/master
> git for-each-ref --format %(refname) %(objectname) --sort -committerdate
> git remote --verbose
> git config --get commit.template
> git show :public_html/FinalProject/src/Login.html
> git ls-files --stage -- /home/uidd2020/user/purmonth/public_html/FinalProject/src/Login.html
> git show :public_html/FinalProject/src/Login.js
> git ls-files --stage -- /home/uidd2020/user/purmonth/public_html/FinalProject/src/Login.js
> git status -z -u
> git symbolic-ref --short HEAD
> git rev-parse master
> git rev-parse --symbolic-full-name master@{u}
> git rev-list --left-right master...refs/remotes/origin/master
> git for-each-ref --format %(refname) %(objectname) --sort -committerdate
> git remote --verbose
> git config --get commit.template
> git status -z -u
> git symbolic-ref --short HEAD
> git rev-parse master
> git rev-parse --symbolic-full-name master@{u}
> git rev-list --left-right master...refs/remotes/origin/master
> git for-each-ref --format %(refname) %(objectname) --sort -committerdate
> git remote --verbose
> git config --get commit.template
> git show :public_html/FinalProject/src/User.html
> git ls-files --stage -- /home/uidd2020/user/purmonth/public_html/FinalProject/src/User.html
> git status -z -u
> git symbolic-ref --short HEAD
> git rev-parse master
> git rev-parse --symbolic-full-name master@{u}
> git rev-list --left-right master...refs/remotes/origin/master
> git for-each-ref --format %(refname) %(objectname) --sort -committerdate
> git remote --verbose
> git config --get commit.template
> git show :public_html/FinalProject/src/Login.html
> git ls-files --stage -- /home/uidd2020/user/purmonth/public_html/FinalProject/src/Login.html
> git show :public_html/FinalProject/src/User.html
> git ls-files --stage -- /home/uidd2020/user/purmonth/public_html/FinalProject/src/User.html
> git status -z -u
> git symbolic-ref --short HEAD
> git rev-parse master
> git rev-parse --symbolic-full-name master@{u}
> git rev-list --left-right master...refs/remotes/origin/master
> git for-each-ref --format %(refname) %(objectname) --sort -committerdate
> git remote --verbose
> git config --get commit.template
> git status -z -u
> git symbolic-ref --short HEAD
> git rev-parse master
> git rev-parse --symbolic-full-name master@{u}
> git rev-list --left-right master...refs/remotes/origin/master
> git for-each-ref --format %(refname) %(objectname) --sort -committerdate
> git remote --verbose
> git config --get commit.template
> git show :public_html/FinalProject/src/Login.js
> git ls-files --stage -- /home/uidd2020/user/purmonth/public_html/FinalProject/src/Login.js
> git check-ignore -v -z --stdin
> git show :public_html/FinalProject/ser.js
> git ls-files --stage -- /home/uidd2020/user/purmonth/public_html/FinalProject/ser.js
> git status -z -u
> git symbolic-ref --short HEAD
> git rev-parse master
> git rev-parse --symbolic-full-name master@{u}
> git rev-list --left-right master...refs/remotes/origin/master
> git for-each-ref --format %(refname) %(objectname) --sort -committerdate
> git remote --verbose
> git config --get commit.template
> git show :public_html/FinalProject/yarn.lock
> git ls-files --stage -- /home/uidd2020/user/purmonth/public_html/FinalProject/yarn.lock
> git show :public_html/FinalProject/ser.js
> git ls-files --stage -- /home/uidd2020/user/purmonth/public_html/FinalProject/ser.js
> git status -z -u
> git symbolic-ref --short HEAD
> git rev-parse master
> git rev-parse --symbolic-full-name master@{u}
> git rev-list --left-right master...refs/remotes/origin/master
> git for-each-ref --format %(refname) %(objectname) --sort -committerdate
> git remote --verbose
> git config --get commit.template
> git status -z -u
> git symbolic-ref --short HEAD
> git rev-parse master
> git rev-parse --symbolic-full-name master@{u}
> git rev-list --left-right master...refs/remotes/origin/master
> git for-each-ref --format %(refname) %(objectname) --sort -committerdate
> git remote --verbose
> git config --get commit.template
> git status -z -u
> git symbolic-ref --short HEAD
> git rev-parse master
> git rev-parse --symbolic-full-name master@{u}
> git rev-list --left-right master...refs/remotes/origin/master
> git for-each-ref --format %(refname) %(objectname) --sort -committerdate
> git remote --verbose
> git config --get commit.template
> git status -z -u
> git symbolic-ref --short HEAD
> git rev-parse master
> git rev-parse --symbolic-full-name master@{u}
> git rev-list --left-right master...refs/remotes/origin/master
> git for-each-ref --format %(refname) %(objectname) --sort -committerdate
> git remote --verbose
> git config --get commit.template
> git status -z -u
> git symbolic-ref --short HEAD
> git rev-parse master
> git rev-parse --symbolic-full-name master@{u}
> git rev-list --left-right master...refs/remotes/origin/master
> git for-each-ref --format %(refname) %(objectname) --sort -committerdate
> git remote --verbose
> git config --get commit.template
> git show :public_html/FinalProject/yarn.lock
> git ls-files --stage -- /home/uidd2020/user/purmonth/public_html/FinalProject/yarn.lock
> git show :public_html/FinalProject/ser.js
> git ls-files --stage -- /home/uidd2020/user/purmonth/public_html/FinalProject/ser.js
> git show :public_html/FinalProject/src/User.html
> git ls-files --stage -- /home/uidd2020/user/purmonth/public_html/FinalProject/src/User.html
> git show :public_html/FinalProject/src/Login.js
> git ls-files --stage -- /home/uidd2020/user/purmonth/public_html/FinalProject/src/Login.js
> git status -z -u
> git symbolic-ref --short HEAD
> git rev-parse master
> git rev-parse --symbolic-full-name master@{u}
> git rev-list --left-right master...refs/remotes/origin/master
> git for-each-ref --format %(refname) %(objectname) --sort -committerdate
> git remote --verbose
> git config --get commit.template
> git status -z -u
> git symbolic-ref --short HEAD
> git rev-parse master
> git rev-parse --symbolic-full-name master@{u}
> git rev-list --left-right master...refs/remotes/origin/master
> git for-each-ref --format %(refname) %(objectname) --sort -committerdate
> git remote --verbose
> git config --get commit.template
> git status -z -u
> git symbolic-ref --short HEAD
> git rev-parse master
> git rev-parse --symbolic-full-name master@{u}
> git rev-list --left-right master...refs/remotes/origin/master
> git for-each-ref --format %(refname) %(objectname) --sort -committerdate
> git remote --verbose
> git config --get commit.template
> git status -z -u
> git symbolic-ref --short HEAD
> git rev-parse master
> git rev-parse --symbolic-full-name master@{u}
> git rev-list --left-right master...refs/remotes/origin/master
> git for-each-ref --format %(refname) %(objectname) --sort -committerdate
> git remote --verbose
> git config --get commit.template
> git status -z -u
> git symbolic-ref --short HEAD
> git rev-parse master
> git rev-parse --symbolic-full-name master@{u}
> git rev-list --left-right master...refs/remotes/origin/master
> git for-each-ref --format %(refname) %(objectname) --sort -committerdate
> git remote --verbose
> git config --get commit.template
> git status -z -u
> git symbolic-ref --short HEAD
> git rev-parse master
> git rev-parse --symbolic-full-name master@{u}
> git rev-list --left-right master...refs/remotes/origin/master
> git for-each-ref --format %(refname) %(objectname) --sort -committerdate
> git remote --verbose
> git config --get commit.template
> git status -z -u
> git symbolic-ref --short HEAD
> git rev-parse master
> git rev-parse --symbolic-full-name master@{u}
> git rev-list --left-right master...refs/remotes/origin/master
> git for-each-ref --format %(refname) %(objectname) --sort -committerdate
> git remote --verbose
> git config --get commit.template
> git status -z -u
> git symbolic-ref --short HEAD
> git rev-parse master
> git rev-parse --symbolic-full-name master@{u}
> git rev-list --left-right master...refs/remotes/origin/master
> git for-each-ref --format %(refname) %(objectname) --sort -committerdate
> git remote --verbose
> git config --get commit.template
> git status -z -u
> git symbolic-ref --short HEAD
> git rev-parse master
> git rev-parse --symbolic-full-name master@{u}
> git rev-list --left-right master...refs/remotes/origin/master
> git for-each-ref --format %(refname) %(objectname) --sort -committerdate
> git remote --verbose
> git config --get commit.template
> git status -z -u
> git symbolic-ref --short HEAD
> git rev-parse master
> git rev-parse --symbolic-full-name master@{u}
> git rev-list --left-right master...refs/remotes/origin/master
> git for-each-ref --format %(refname) %(objectname) --sort -committerdate
> git remote --verbose
> git config --get commit.template
> git status -z -u
> git symbolic-ref --short HEAD
> git rev-parse master
> git rev-parse --symbolic-full-name master@{u}
> git rev-list --left-right master...refs/remotes/origin/master
> git for-each-ref --format %(refname) %(objectname) --sort -committerdate
> git remote --verbose
> git config --get commit.template
> git status -z -u
> git symbolic-ref --short HEAD
> git rev-parse master
> git rev-parse --symbolic-full-name master@{u}
> git rev-list --left-right master...refs/remotes/origin/master
> git for-each-ref --format %(refname) %(objectname) --sort -committerdate
> git remote --verbose
> git config --get commit.template
> git status -z -u
> git symbolic-ref --short HEAD
> git rev-parse master
> git rev-parse --symbolic-full-name master@{u}
> git rev-list --left-right master...refs/remotes/origin/master
> git for-each-ref --format %(refname) %(objectname) --sort -committerdate
> git remote --verbose
> git config --get commit.template
> git status -z -u
> git symbolic-ref --short HEAD
> git rev-parse master
> git rev-parse --symbolic-full-name master@{u}
> git rev-list --left-right master...refs/remotes/origin/master
> git for-each-ref --format %(refname) %(objectname) --sort -committerdate
> git remote --verbose
> git config --get commit.template
> git status -z -u
> git symbolic-ref --short HEAD
> git rev-parse master
> git rev-parse --symbolic-full-name master@{u}
> git rev-list --left-right master...refs/remotes/origin/master
> git for-each-ref --format %(refname) %(objectname) --sort -committerdate
> git remote --verbose
> git config --get commit.template
> git show :public_html/FinalProject/src/Login.html
> git ls-files --stage -- /home/uidd2020/user/purmonth/public_html/FinalProject/src/Login.html
> git show :public_html/FinalProject/src/Login.js
> git ls-files --stage -- /home/uidd2020/user/purmonth/public_html/FinalProject/src/Login.js
> git show :public_html/FinalProject/src/Login.html
> git ls-files --stage -- /home/uidd2020/user/purmonth/public_html/FinalProject/src/Login.html
> git status -z -u
> git symbolic-ref --short HEAD
> git rev-parse master
> git rev-parse --symbolic-full-name master@{u}
> git rev-list --left-right master...refs/remotes/origin/master
> git for-each-ref --format %(refname) %(objectname) --sort -committerdate
> git remote --verbose
> git config --get commit.template
> git show :public_html/FinalProject/src/User.html
> git ls-files --stage -- /home/uidd2020/user/purmonth/public_html/FinalProject/src/User.html
> git show :public_html/FinalProject/src/Login.js
> git ls-files --stage -- /home/uidd2020/user/purmonth/public_html/FinalProject/src/Login.js
> git show :public_html/FinalProject/src/Login.html
> git ls-files --stage -- /home/uidd2020/user/purmonth/public_html/FinalProject/src/Login.html
> git status -z -u
> git symbolic-ref --short HEAD
> git rev-parse master
> git rev-parse --symbolic-full-name master@{u}
> git rev-list --left-right master...refs/remotes/origin/master
> git for-each-ref --format %(refname) %(objectname) --sort -committerdate
> git remote --verbose
> git config --get commit.template
> git status -z -u
> git symbolic-ref --short HEAD
> git rev-parse master
> git rev-parse --symbolic-full-name master@{u}
> git rev-list --left-right master...refs/remotes/origin/master
> git for-each-ref --format %(refname) %(objectname) --sort -committerdate
> git remote --verbose
> git config --get commit.template
> git status -z -u
> git symbolic-ref --short HEAD
> git rev-parse master
> git rev-parse --symbolic-full-name master@{u}
> git rev-list --left-right master...refs/remotes/origin/master
> git for-each-ref --format %(refname) %(objectname) --sort -committerdate
> git remote --verbose
> git config --get commit.template
> git show :public_html/FinalProject/src/Login.js
> git ls-files --stage -- /home/uidd2020/user/purmonth/public_html/FinalProject/src/Login.js
> git show :public_html/FinalProject/src/Login.html
> git ls-files --stage -- /home/uidd2020/user/purmonth/public_html/FinalProject/src/Login.html
> git status -z -u
> git symbolic-ref --short HEAD
> git rev-parse master
> git rev-parse --symbolic-full-name master@{u}
> git rev-list --left-right master...refs/remotes/origin/master
> git for-each-ref --format %(refname) %(objectname) --sort -committerdate
> git remote --verbose
> git config --get commit.template
> git show :public_html/FinalProject/src/Login.js
> git ls-files --stage -- /home/uidd2020/user/purmonth/public_html/FinalProject/src/Login.js
> git status -z -u
> git symbolic-ref --short HEAD
> git rev-parse master
> git rev-parse --symbolic-full-name master@{u}
> git rev-list --left-right master...refs/remotes/origin/master
> git for-each-ref --format %(refname) %(objectname) --sort -committerdate
> git remote --verbose
> git config --get commit.template
> git status -z -u
> git symbolic-ref --short HEAD
> git rev-parse master
> git rev-parse --symbolic-full-name master@{u}
> git rev-list --left-right master...refs/remotes/origin/master
> git for-each-ref --format %(refname) %(objectname) --sort -committerdate
> git remote --verbose
> git config --get commit.template
> git show :public_html/FinalProject/src/Login.html
> git ls-files --stage -- /home/uidd2020/user/purmonth/public_html/FinalProject/src/Login.html
> git show :public_html/FinalProject/src/Login.js
> git ls-files --stage -- /home/uidd2020/user/purmonth/public_html/FinalProject/src/Login.js
> git status -z -u
> git symbolic-ref --short HEAD
> git rev-parse master
> git rev-parse --symbolic-full-name master@{u}
> git rev-list --left-right master...refs/remotes/origin/master
> git for-each-ref --format %(refname) %(objectname) --sort -committerdate
> git remote --verbose
> git config --get commit.template
> git status -z -u
> git symbolic-ref --short HEAD
> git rev-parse master
> git rev-parse --symbolic-full-name master@{u}
> git rev-list --left-right master...refs/remotes/origin/master
> git for-each-ref --format %(refname) %(objectname) --sort -committerdate
> git remote --verbose
> git config --get commit.template
> git status -z -u
> git symbolic-ref --short HEAD
> git rev-parse master
> git rev-parse --symbolic-full-name master@{u}
> git rev-list --left-right master...refs/remotes/origin/master
> git for-each-ref --format %(refname) %(objectname) --sort -committerdate
> git remote --verbose
> git config --get commit.template
> git show :public_html/FinalProject/src/Login.html
> git ls-files --stage -- /home/uidd2020/user/purmonth/public_html/FinalProject/src/Login.html
> git status -z -u
> git symbolic-ref --short HEAD
> git rev-parse master
> git rev-parse --symbolic-full-name master@{u}
> git rev-list --left-right master...refs/remotes/origin/master
> git for-each-ref --format %(refname) %(objectname) --sort -committerdate
> git remote --verbose
> git config --get commit.template
> git status -z -u
> git symbolic-ref --short HEAD
> git rev-parse master
> git rev-parse --symbolic-full-name master@{u}
> git rev-list --left-right master...refs/remotes/origin/master
> git for-each-ref --format %(refname) %(objectname) --sort -committerdate
> git remote --verbose
> git config --get commit.template
> git show :public_html/FinalProject/yarn.lock
> git ls-files --stage -- /home/uidd2020/user/purmonth/public_html/FinalProject/yarn.lock
> git show :public_html/FinalProject/ser.js
> git ls-files --stage -- /home/uidd2020/user/purmonth/public_html/FinalProject/ser.js
> git status -z -u
> git symbolic-ref --short HEAD
> git rev-parse master
> git rev-parse --symbolic-full-name master@{u}
> git rev-list --left-right master...refs/remotes/origin/master
> git for-each-ref --format %(refname) %(objectname) --sort -committerdate
> git remote --verbose
> git config --get commit.template
> git check-ignore -v -z --stdin
> git check-ignore -v -z --stdin
> git check-ignore -v -z --stdin
> git check-ignore -v -z --stdin
> git show :public_html/http/students.sample.json
> git ls-files --stage -- /home/uidd2020/user/purmonth/public_html/http/students.sample.json
> git cat-file -s 69ea99b03127ee94404408ae630fa6cab75e6104
> git show :public_html/FinalProject/ser.js
> git ls-files --stage -- /home/uidd2020/user/purmonth/public_html/FinalProject/ser.js
> git show :public_html/FinalProject/src/Login.js
> git ls-files --stage -- /home/uidd2020/user/purmonth/public_html/FinalProject/src/Login.js
> git status -z -u
> git symbolic-ref --short HEAD
> git rev-parse master
> git rev-parse --symbolic-full-name master@{u}
> git rev-list --left-right master...refs/remotes/origin/master
> git for-each-ref --format %(refname) %(objectname) --sort -committerdate
> git remote --verbose
> git config --get commit.template
> git status -z -u
> git symbolic-ref --short HEAD
> git rev-parse master
> git rev-parse --symbolic-full-name master@{u}
> git rev-list --left-right master...refs/remotes/origin/master
> git for-each-ref --format %(refname) %(objectname) --sort -committerdate
> git remote --verbose
> git config --get commit.template
> git status -z -u
> git symbolic-ref --short HEAD
> git rev-parse master
> git rev-parse --symbolic-full-name master@{u}
> git rev-list --left-right master...refs/remotes/origin/master
> git for-each-ref --format %(refname) %(objectname) --sort -committerdate
> git remote --verbose
> git config --get commit.template
> git status -z -u
> git symbolic-ref --short HEAD
> git rev-parse master
> git rev-parse --symbolic-full-name master@{u}
> git rev-list --left-right master...refs/remotes/origin/master
> git for-each-ref --format %(refname) %(objectname) --sort -committerdate
> git remote --verbose
> git config --get commit.template
> git status -z -u
> git symbolic-ref --short HEAD
> git rev-parse master
> git rev-parse --symbolic-full-name master@{u}
> git rev-list --left-right master...refs/remotes/origin/master
> git for-each-ref --format %(refname) %(objectname) --sort -committerdate
> git remote --verbose
> git config --get commit.template
> git status -z -u
> git symbolic-ref --short HEAD
> git rev-parse master
> git rev-parse --symbolic-full-name master@{u}
> git rev-list --left-right master...refs/remotes/origin/master
> git for-each-ref --format %(refname) %(objectname) --sort -committerdate
> git remote --verbose
> git config --get commit.template
> git status -z -u
> git symbolic-ref --short HEAD
> git rev-parse master
> git rev-parse --symbolic-full-name master@{u}
> git rev-list --left-right master...refs/remotes/origin/master
> git for-each-ref --format %(refname) %(objectname) --sort -committerdate
> git remote --verbose
> git config --get commit.template
> git status -z -u
> git symbolic-ref --short HEAD
> git rev-parse master
> git rev-parse --symbolic-full-name master@{u}
> git rev-list --left-right master...refs/remotes/origin/master
> git for-each-ref --format %(refname) %(objectname) --sort -committerdate
> git remote --verbose
> git config --get commit.template
> git status -z -u
> git symbolic-ref --short HEAD
> git rev-parse master
> git rev-parse --symbolic-full-name master@{u}
> git rev-list --left-right master...refs/remotes/origin/master
> git for-each-ref --format %(refname) %(objectname) --sort -committerdate
> git remote --verbose
> git config --get commit.template
> git status -z -u
> git symbolic-ref --short HEAD
> git rev-parse master
> git rev-parse --symbolic-full-name master@{u}
> git rev-list --left-right master...refs/remotes/origin/master
> git for-each-ref --format %(refname) %(objectname) --sort -committerdate
> git remote --verbose
> git config --get commit.template
> git status -z -u
> git symbolic-ref --short HEAD
> git rev-parse master
> git rev-parse --symbolic-full-name master@{u}
> git rev-list --left-right master...refs/remotes/origin/master
> git for-each-ref --format %(refname) %(objectname) --sort -committerdate
> git remote --verbose
> git config --get commit.template
> git status -z -u
> git symbolic-ref --short HEAD
> git rev-parse master
> git rev-parse --symbolic-full-name master@{u}
> git rev-list --left-right master...refs/remotes/origin/master
> git for-each-ref --format %(refname) %(objectname) --sort -committerdate
> git remote --verbose
> git config --get commit.template
> git show :public_html/FinalProject/src/Login.html
> git ls-files --stage -- /home/uidd2020/user/purmonth/public_html/FinalProject/src/Login.html
> git show :public_html/FinalProject/src/Login.js
> git ls-files --stage -- /home/uidd2020/user/purmonth/public_html/FinalProject/src/Login.js
> git status -z -u
> git symbolic-ref --short HEAD
> git rev-parse master
> git rev-parse --symbolic-full-name master@{u}
> git rev-list --left-right master...refs/remotes/origin/master
> git for-each-ref --format %(refname) %(objectname) --sort -committerdate
> git remote --verbose
> git config --get commit.template
> git status -z -u
> git symbolic-ref --short HEAD
> git rev-parse master
> git rev-parse --symbolic-full-name master@{u}
> git rev-list --left-right master...refs/remotes/origin/master
> git for-each-ref --format %(refname) %(objectname) --sort -committerdate
> git remote --verbose
> git config --get commit.template
> git show :public_html/FinalProject/src/Login.html
> git ls-files --stage -- /home/uidd2020/user/purmonth/public_html/FinalProject/src/Login.html
> git status -z -u
> git symbolic-ref --short HEAD
> git rev-parse master
> git rev-parse --symbolic-full-name master@{u}
> git rev-list --left-right master...refs/remotes/origin/master
> git for-each-ref --format %(refname) %(objectname) --sort -committerdate
> git remote --verbose
> git config --get commit.template
> git status -z -u
> git symbolic-ref --short HEAD
> git rev-parse master
> git rev-parse --symbolic-full-name master@{u}
> git rev-list --left-right master...refs/remotes/origin/master
> git for-each-ref --format %(refname) %(objectname) --sort -committerdate
> git remote --verbose
> git config --get commit.template
> git show :public_html/FinalProject/src/Login.js
> git ls-files --stage -- /home/uidd2020/user/purmonth/public_html/FinalProject/src/Login.js
> git status -z -u
> git symbolic-ref --short HEAD
> git rev-parse master
> git rev-parse --symbolic-full-name master@{u}
> git rev-list --left-right master...refs/remotes/origin/master
> git for-each-ref --format %(refname) %(objectname) --sort -committerdate
> git remote --verbose
> git config --get commit.template
> git status -z -u
> git symbolic-ref --short HEAD
> git rev-parse master
> git rev-parse --symbolic-full-name master@{u}
> git rev-list --left-right master...refs/remotes/origin/master
> git for-each-ref --format %(refname) %(objectname) --sort -committerdate
> git remote --verbose
> git config --get commit.template
> git status -z -u
> git symbolic-ref --short HEAD
> git rev-parse master
> git rev-parse --symbolic-full-name master@{u}
> git rev-list --left-right master...refs/remotes/origin/master
> git for-each-ref --format %(refname) %(objectname) --sort -committerdate
> git remote --verbose
> git config --get commit.template
> git status -z -u
> git symbolic-ref --short HEAD
> git rev-parse master
> git rev-parse --symbolic-full-name master@{u}
> git rev-list --left-right master...refs/remotes/origin/master
> git for-each-ref --format %(refname) %(objectname) --sort -committerdate
> git remote --verbose
> git config --get commit.template
> git show :public_html/FinalProject/ser.js
> git ls-files --stage -- /home/uidd2020/user/purmonth/public_html/FinalProject/ser.js
> git show :public_html/FinalProject/src/Login.js
> git ls-files --stage -- /home/uidd2020/user/purmonth/public_html/FinalProject/src/Login.js
> git show :public_html/FinalProject/src/User.html
> git ls-files --stage -- /home/uidd2020/user/purmonth/public_html/FinalProject/src/User.html
> git show :public_html/FinalProject/src/Login.js
> git ls-files --stage -- /home/uidd2020/user/purmonth/public_html/FinalProject/src/Login.js
> git status -z -u
> git symbolic-ref --short HEAD
> git rev-parse master
> git rev-parse --symbolic-full-name master@{u}
> git rev-list --left-right master...refs/remotes/origin/master
> git for-each-ref --format %(refname) %(objectname) --sort -committerdate
> git remote --verbose
> git config --get commit.template
> git status -z -u
> git symbolic-ref --short HEAD
> git rev-parse master
> git rev-parse --symbolic-full-name master@{u}
> git rev-list --left-right master...refs/remotes/origin/master
> git for-each-ref --format %(refname) %(objectname) --sort -committerdate
> git remote --verbose
> git config --get commit.template
> git show :public_html/FinalProject/src/Login.html
> git ls-files --stage -- /home/uidd2020/user/purmonth/public_html/FinalProject/src/Login.html
> git show :public_html/FinalProject/ser.js
> git ls-files --stage -- /home/uidd2020/user/purmonth/public_html/FinalProject/ser.js
> git show :public_html/FinalProject/src/Login.js
> git ls-files --stage -- /home/uidd2020/user/purmonth/public_html/FinalProject/src/Login.js
> git status -z -u
> git symbolic-ref --short HEAD
> git rev-parse master
> git rev-parse --symbolic-full-name master@{u}
> git rev-list --left-right master...refs/remotes/origin/master
> git for-each-ref --format %(refname) %(objectname) --sort -committerdate
> git remote --verbose
> git config --get commit.template
> git show :public_html/FinalProject/src/Login.html
> git ls-files --stage -- /home/uidd2020/user/purmonth/public_html/FinalProject/src/Login.html
> git show :public_html/FinalProject/ser.js
> git ls-files --stage -- /home/uidd2020/user/purmonth/public_html/FinalProject/ser.js
> git show :public_html/FinalProject/src/Login.html
> git ls-files --stage -- /home/uidd2020/user/purmonth/public_html/FinalProject/src/Login.html
> git show :public_html/FinalProject/ser.js
> git ls-files --stage -- /home/uidd2020/user/purmonth/public_html/FinalProject/ser.js
> git show :public_html/FinalProject/src/Login.js
> git ls-files --stage -- /home/uidd2020/user/purmonth/public_html/FinalProject/src/Login.js
> git status -z -u
> git symbolic-ref --short HEAD
> git rev-parse master
> git rev-parse --symbolic-full-name master@{u}
> git rev-list --left-right master...refs/remotes/origin/master
> git for-each-ref --format %(refname) %(objectname) --sort -committerdate
> git remote --verbose
> git config --get commit.template
> git status -z -u
> git symbolic-ref --short HEAD
> git rev-parse master
> git rev-parse --symbolic-full-name master@{u}
> git rev-list --left-right master...refs/remotes/origin/master
> git for-each-ref --format %(refname) %(objectname) --sort -committerdate
> git remote --verbose
> git config --get commit.template
> git status -z -u
> git symbolic-ref --short HEAD
> git rev-parse master
> git rev-parse --symbolic-full-name master@{u}
> git rev-list --left-right master...refs/remotes/origin/master
> git for-each-ref --format %(refname) %(objectname) --sort -committerdate
> git remote --verbose
> git config --get commit.template
> git status -z -u
> git symbolic-ref --short HEAD
> git rev-parse master
> git rev-parse --symbolic-full-name master@{u}
> git rev-list --left-right master...refs/remotes/origin/master
> git for-each-ref --format %(refname) %(objectname) --sort -committerdate
> git remote --verbose
> git config --get commit.template
> git status -z -u
> git symbolic-ref --short HEAD
> git rev-parse master
> git rev-parse --symbolic-full-name master@{u}
> git rev-list --left-right master...refs/remotes/origin/master
> git for-each-ref --format %(refname) %(objectname) --sort -committerdate
> git remote --verbose
> git config --get commit.template
> git status -z -u
> git symbolic-ref --short HEAD
> git rev-parse master
> git rev-parse --symbolic-full-name master@{u}
> git rev-list --left-right master...refs/remotes/origin/master
> git for-each-ref --format %(refname) %(objectname) --sort -committerdate
> git remote --verbose
> git config --get commit.template
> git status -z -u
> git symbolic-ref --short HEAD
> git rev-parse master
> git rev-parse --symbolic-full-name master@{u}
> git rev-list --left-right master...refs/remotes/origin/master
> git for-each-ref --format %(refname) %(objectname) --sort -committerdate
> git remote --verbose
> git config --get commit.template
> git status -z -u
> git symbolic-ref --short HEAD
> git rev-parse master
> git rev-parse --symbolic-full-name master@{u}
> git rev-list --left-right master...refs/remotes/origin/master
> git for-each-ref --format %(refname) %(objectname) --sort -committerdate
> git remote --verbose
> git ls-files --stage -- /home/uidd2020/user/purmonth/public_html/FinalProject/src/Login.js
> git config --get commit.template
> git show :public_html/FinalProject/src/Login.js
> git ls-files --stage -- /home/uidd2020/user/purmonth/public_html/FinalProject/src/Login.js
> git cat-file -s e45d0e324d0042df28be3b55b1c4014c8dea4eaa
> git show :public_html/FinalProject/src/Login.js
> git status -z -u
> git symbolic-ref --short HEAD
> git rev-parse master
> git rev-parse --symbolic-full-name master@{u}
> git rev-list --left-right master...refs/remotes/origin/master
> git for-each-ref --format %(refname) %(objectname) --sort -committerdate
> git remote --verbose
> git config --get commit.template
> git status -z -u
> git ls-files --stage -- /home/uidd2020/user/purmonth/public_html/FinalProject/src/Login.js
> git cat-file -s e45d0e324d0042df28be3b55b1c4014c8dea4eaa
> git symbolic-ref --short HEAD
> git rev-parse master
> git rev-parse --symbolic-full-name master@{u}
> git show :public_html/FinalProject/src/Login.js
> git rev-list --left-right master...refs/remotes/origin/master
> git for-each-ref --format %(refname) %(objectname) --sort -committerdate
> git remote --verbose
> git config --get commit.template
> git status -z -u
> git symbolic-ref --short HEAD
> git rev-parse master
> git rev-parse --symbolic-full-name master@{u}
> git rev-list --left-right master...refs/remotes/origin/master
> git for-each-ref --format %(refname) %(objectname) --sort -committerdate
> git remote --verbose
> git ls-files --stage -- /home/uidd2020/user/purmonth/public_html/FinalProject/src/Login.js
> git config --get commit.template
> git cat-file -s e45d0e324d0042df28be3b55b1c4014c8dea4eaa
> git show :public_html/FinalProject/src/Login.js
