[2020-03-17 22:45:03.535] [exthost] [info] extension host started
[2020-03-17 22:45:03.752] [exthost] [info] ExtensionService#_doActivateExtension vscode.emmet {"startup":false,"extensionId":{"value":"vscode.emmet","_lower":"vscode.emmet"},"activationEvent":"onLanguage:html"}
[2020-03-17 22:45:03.753] [exthost] [info] ExtensionService#loadCommonJSModule file:///home/uidd2020/user/purmonth/.vscode-server/bin/78a4c91400152c0f27ba4d363eb56d2835f9903a/extensions/emmet/dist/extension
[2020-03-17 22:45:03.787] [exthost] [info] ExtensionService#_doActivateExtension vscode.html-language-features {"startup":false,"extensionId":{"value":"vscode.html-language-features","_lower":"vscode.html-language-features"},"activationEvent":"onLanguage:html"}
[2020-03-17 22:45:03.787] [exthost] [info] ExtensionService#loadCommonJSModule file:///home/uidd2020/user/purmonth/.vscode-server/bin/78a4c91400152c0f27ba4d363eb56d2835f9903a/extensions/html-language-features/client/dist/htmlMain
[2020-03-17 22:45:03.821] [exthost] [info] ExtensionService#_doActivateExtension vscode.css-language-features {"startup":false,"extensionId":{"value":"vscode.css-language-features","_lower":"vscode.css-language-features"},"activationEvent":"onLanguage:css"}
[2020-03-17 22:45:03.821] [exthost] [info] ExtensionService#loadCommonJSModule file:///home/uidd2020/user/purmonth/.vscode-server/bin/78a4c91400152c0f27ba4d363eb56d2835f9903a/extensions/css-language-features/client/dist/cssMain
[2020-03-17 22:45:03.841] [exthost] [info] ExtensionService#_doActivateExtension vscode.debug-auto-launch {"startup":true,"extensionId":{"value":"vscode.debug-auto-launch","_lower":"vscode.debug-auto-launch"},"activationEvent":"*"}
[2020-03-17 22:45:03.841] [exthost] [info] ExtensionService#loadCommonJSModule file:///home/uidd2020/user/purmonth/.vscode-server/bin/78a4c91400152c0f27ba4d363eb56d2835f9903a/extensions/debug-auto-launch/dist/extension
[2020-03-17 22:45:03.843] [exthost] [info] ExtensionService#_doActivateExtension vscode.git {"startup":true,"extensionId":{"value":"vscode.git","_lower":"vscode.git"},"activationEvent":"*"}
[2020-03-17 22:45:03.843] [exthost] [info] ExtensionService#loadCommonJSModule file:///home/uidd2020/user/purmonth/.vscode-server/bin/78a4c91400152c0f27ba4d363eb56d2835f9903a/extensions/git/dist/main
[2020-03-17 22:45:03.896] [exthost] [info] ExtensionService#_doActivateExtension vscode.github-authentication {"startup":true,"extensionId":{"value":"vscode.github-authentication","_lower":"vscode.github-authentication"},"activationEvent":"*"}
[2020-03-17 22:45:03.896] [exthost] [info] ExtensionService#loadCommonJSModule file:///home/uidd2020/user/purmonth/.vscode-server/bin/78a4c91400152c0f27ba4d363eb56d2835f9903a/extensions/github-authentication/dist/extension.js
[2020-03-17 22:45:03.899] [exthost] [info] ExtensionService#_doActivateExtension vscode.merge-conflict {"startup":true,"extensionId":{"value":"vscode.merge-conflict","_lower":"vscode.merge-conflict"},"activationEvent":"*"}
[2020-03-17 22:45:03.900] [exthost] [info] ExtensionService#loadCommonJSModule file:///home/uidd2020/user/purmonth/.vscode-server/bin/78a4c91400152c0f27ba4d363eb56d2835f9903a/extensions/merge-conflict/dist/extension
[2020-03-17 22:45:03.903] [exthost] [info] ExtensionService#_doActivateExtension vscode.search-result {"startup":true,"extensionId":{"value":"vscode.search-result","_lower":"vscode.search-result"},"activationEvent":"*"}
[2020-03-17 22:45:03.904] [exthost] [info] ExtensionService#loadCommonJSModule file:///home/uidd2020/user/purmonth/.vscode-server/bin/78a4c91400152c0f27ba4d363eb56d2835f9903a/extensions/search-result/dist/extension.js
[2020-03-17 22:45:03.905] [exthost] [info] ExtensionService#_doActivateExtension vscode.vscode-account {"startup":true,"extensionId":{"value":"vscode.vscode-account","_lower":"vscode.vscode-account"},"activationEvent":"*"}
[2020-03-17 22:45:03.905] [exthost] [info] ExtensionService#loadCommonJSModule file:///home/uidd2020/user/purmonth/.vscode-server/bin/78a4c91400152c0f27ba4d363eb56d2835f9903a/extensions/vscode-account/dist/extension.js
[2020-03-17 22:45:03.918] [exthost] [info] eager extensions activated
[2020-03-17 22:45:04.866] [exthost] [error] {"message":"Git error","stdout":"","stderr":"","exitCode":128}
[2020-03-17 22:45:04.866] [exthost] [error] {"message":"Git error","stdout":"","stderr":"","exitCode":128}
[2020-03-17 22:45:04.866] [exthost] [error] {"message":"Git error","stdout":"","stderr":"","exitCode":128}
[2020-03-17 22:45:04.866] [exthost] [error] {"message":"Git error","stdout":"","stderr":"","exitCode":128}
[2020-03-17 22:45:04.866] [exthost] [error] {"message":"Git error","stdout":"","stderr":"","exitCode":128}
[2020-03-17 22:45:04.866] [exthost] [error] {"message":"Git error","stdout":"","stderr":"","exitCode":128}
[2020-03-17 22:45:04.866] [exthost] [error] {"message":"Git error","stdout":"","stderr":"","exitCode":128}
[2020-03-17 22:45:04.866] [exthost] [error] {"message":"Git error","stdout":"","stderr":"","exitCode":128}
[2020-03-17 22:45:04.866] [exthost] [error] {"message":"Git error","stdout":"","stderr":"","exitCode":128}
[2020-03-17 22:45:04.866] [exthost] [error] {"message":"Git error","stdout":"","stderr":"","exitCode":128}
[2020-03-17 22:45:04.866] [exthost] [error] {"message":"Git error","stdout":"","stderr":"","exitCode":128}
[2020-03-17 22:45:04.866] [exthost] [error] {"message":"Git error","stdout":"","stderr":"","exitCode":128}
[2020-03-17 22:45:04.866] [exthost] [error] {"message":"Git error","stdout":"","stderr":"","exitCode":128}
[2020-03-17 22:45:04.866] [exthost] [error] {"message":"Git error","stdout":"","stderr":"","exitCode":128}
[2020-03-17 22:45:04.867] [exthost] [error] {"message":"Git error","stdout":"","stderr":"","exitCode":128}
[2020-03-17 22:45:04.867] [exthost] [error] {"message":"Git error","stdout":"","stderr":"","exitCode":128}
[2020-03-17 22:45:04.867] [exthost] [error] {"message":"Git error","stdout":"","stderr":"","exitCode":128}
[2020-03-17 22:45:04.867] [exthost] [error] {"message":"Git error","stdout":"","stderr":"","exitCode":128}
[2020-03-17 22:45:04.867] [exthost] [error] {"message":"Git error","stdout":"","stderr":"","exitCode":128}
[2020-03-17 22:45:04.867] [exthost] [error] {"message":"Git error","stdout":"","stderr":"","exitCode":128}
[2020-03-17 22:45:04.867] [exthost] [error] {"message":"Git error","stdout":"","stderr":"","exitCode":128}
[2020-03-17 22:45:04.867] [exthost] [error] {"message":"Git error","stdout":"","stderr":"","exitCode":128}
[2020-03-17 22:45:04.867] [exthost] [error] {"message":"Git error","stdout":"","stderr":"","exitCode":128}
[2020-03-17 22:45:04.867] [exthost] [error] {"message":"Git error","stdout":"","stderr":"","exitCode":128}
[2020-03-17 22:45:04.867] [exthost] [error] {"message":"Git error","stdout":"","stderr":"","exitCode":128}
[2020-03-17 22:45:04.867] [exthost] [error] {"message":"Git error","stdout":"","stderr":"","exitCode":128}
[2020-03-17 22:45:04.867] [exthost] [error] {"message":"Git error","stdout":"","stderr":"","exitCode":128}
[2020-03-17 22:45:04.867] [exthost] [error] {"message":"Git error","stdout":"","stderr":"","exitCode":128}
[2020-03-17 22:45:04.867] [exthost] [error] {"message":"Git error","stdout":"","stderr":"","exitCode":128}
[2020-03-17 22:45:04.867] [exthost] [error] {"message":"Git error","stdout":"","stderr":"","exitCode":128}
[2020-03-17 22:45:04.867] [exthost] [error] {"message":"Git error","stdout":"","stderr":"","exitCode":128}
[2020-03-17 22:45:04.867] [exthost] [error] {"message":"Git error","stdout":"","stderr":"","exitCode":128}
[2020-03-17 22:45:04.867] [exthost] [error] {"message":"Git error","stdout":"","stderr":"","exitCode":128}
[2020-03-17 22:45:48.622] [exthost] [error] {"message":"Git error","stdout":"","stderr":"fatal: Pathspec '/home/uidd2020/user/purmonth/Web-tutorial/README.md' is in submodule 'Web-tutorial'\n","exitCode":128,"gitErrorCode":"IsInSubmodule"}
[2020-03-17 22:48:13.333] [exthost] [error] {"message":"Git error","stdout":"","stderr":"fatal: pathspec '/home/uidd2020/user/purmonth/public_html/css/demo.css' is beyond a symbolic link\n","exitCode":128}
[2020-03-17 22:48:13.333] [exthost] [error] {"message":"Git error","stdout":"","stderr":"fatal: pathspec '/home/uidd2020/user/purmonth/public_html/css/demo.css' is beyond a symbolic link\n","exitCode":128}
[2020-03-17 22:48:13.333] [exthost] [error] {"message":"Git error","stdout":"","stderr":"fatal: pathspec '/home/uidd2020/user/purmonth/public_html/css/demo.css' is beyond a symbolic link\n","exitCode":128}
[2020-03-17 22:48:13.333] [exthost] [error] {"message":"Git error","stdout":"","stderr":"fatal: pathspec '/home/uidd2020/user/purmonth/public_html/css/demo.css' is beyond a symbolic link\n","exitCode":128}
[2020-03-17 22:48:15.306] [exthost] [error] {"message":"Git error","stdout":"","stderr":"fatal: pathspec '/home/uidd2020/user/purmonth/public_html/css/res/angle-left.jpg' is beyond a symbolic link\n","exitCode":128}
[2020-03-17 22:48:15.306] [exthost] [error] {"message":"Git error","stdout":"","stderr":"fatal: pathspec '/home/uidd2020/user/purmonth/public_html/css/res/angle-left.jpg' is beyond a symbolic link\n","exitCode":128}
[2020-03-17 22:48:15.306] [exthost] [error] {"message":"Git error","stdout":"","stderr":"fatal: pathspec '/home/uidd2020/user/purmonth/public_html/css/res/angle-left.jpg' is beyond a symbolic link\n","exitCode":128}
[2020-03-17 22:48:15.306] [exthost] [error] {"message":"Git error","stdout":"","stderr":"fatal: pathspec '/home/uidd2020/user/purmonth/public_html/css/res/angle-left.jpg' is beyond a symbolic link\n","exitCode":128}
[2020-03-17 22:48:15.306] [exthost] [error] {"message":"Git error","stdout":"","stderr":"fatal: pathspec '/home/uidd2020/user/purmonth/public_html/css/res/angle-left.jpg' is beyond a symbolic link\n","exitCode":128}
[2020-03-17 22:48:15.306] [exthost] [error] {"message":"Git error","stdout":"","stderr":"fatal: pathspec '/home/uidd2020/user/purmonth/public_html/css/res/angle-left.jpg' is beyond a symbolic link\n","exitCode":128}
[2020-03-17 22:48:15.306] [exthost] [error] {"message":"Git error","stdout":"","stderr":"fatal: pathspec '/home/uidd2020/user/purmonth/public_html/css/res/angle-left.jpg' is beyond a symbolic link\n","exitCode":128}
[2020-03-17 22:48:15.306] [exthost] [error] {"message":"Git error","stdout":"","stderr":"fatal: pathspec '/home/uidd2020/user/purmonth/public_html/css/res/angle-left.jpg' is beyond a symbolic link\n","exitCode":128}
[2020-03-17 22:48:15.306] [exthost] [error] {"message":"Git error","stdout":"","stderr":"fatal: pathspec '/home/uidd2020/user/purmonth/public_html/css/res/angle-left.jpg' is beyond a symbolic link\n","exitCode":128}
